[0.106s] DEBUG:colcon:Command line arguments: ['/usr/bin/colcon', 'build']
[0.106s] DEBUG:colcon:Parsed command line arguments: Namespace(allow_overriding=[], ament_cmake_args=None, base_paths=['.'], build_base='build', catkin_cmake_args=None, catkin_skip_building_tests=False, cmake_args=None, cmake_clean_cache=False, cmake_clean_first=False, cmake_force_configure=False, cmake_target=None, cmake_target_skip_unavailable=False, continue_on_error=False, event_handlers=None, executor='parallel', ignore_user_meta=False, install_base='install', log_base=None, log_level=None, main=<bound method BuildVerb.main of <colcon_core.verb.build.BuildVerb object at 0x7f6522ef2cd0>>, merge_install=False, metas=['./colcon.meta'], packages_above=None, packages_above_and_dependencies=None, packages_above_depth=None, packages_end=None, packages_ignore=None, packages_ignore_regex=None, packages_select=None, packages_select_build_failed=False, packages_select_by_dep=None, packages_select_regex=None, packages_select_test_failures=False, packages_skip=None, packages_skip_build_finished=False, packages_skip_by_dep=None, packages_skip_regex=None, packages_skip_test_passed=False, packages_skip_up_to=None, packages_start=None, packages_up_to=None, packages_up_to_regex=None, parallel_workers=16, paths=None, symlink_install=False, test_result_base=None, verb_extension=<colcon_core.verb.build.BuildVerb object at 0x7f6522ef2cd0>, verb_name='build', verb_parser=<colcon_defaults.argument_parser.defaults.DefaultArgumentsDecorator object at 0x7f6522ef8280>)
[0.124s] Level 1:colcon.colcon_core.package_discovery:discover_packages(colcon_meta) check parameters
[0.124s] Level 1:colcon.colcon_core.package_discovery:discover_packages(recursive) check parameters
[0.124s] Level 1:colcon.colcon_core.package_discovery:discover_packages(ignore) check parameters
[0.124s] Level 1:colcon.colcon_core.package_discovery:discover_packages(path) check parameters
[0.124s] Level 1:colcon.colcon_core.package_discovery:discover_packages(colcon_meta) discover
[0.124s] Level 1:colcon.colcon_core.package_discovery:discover_packages(recursive) discover
[0.124s] INFO:colcon.colcon_core.package_discovery:Crawling recursively for packages in '/home/amejiyo/GitHub/DL501Project'
[0.124s] Level 1:colcon.colcon_core.package_identification:_identify(.) by extensions ['ignore', 'ignore_ament_install']
[0.124s] Level 1:colcon.colcon_core.package_identification:_identify(.) by extension 'ignore'
[0.124s] Level 1:colcon.colcon_core.package_identification:_identify(.) by extension 'ignore_ament_install'
[0.124s] Level 1:colcon.colcon_core.package_identification:_identify(.) by extensions ['colcon_pkg']
[0.124s] Level 1:colcon.colcon_core.package_identification:_identify(.) by extension 'colcon_pkg'
[0.124s] Level 1:colcon.colcon_core.package_identification:_identify(.) by extensions ['colcon_meta']
[0.124s] Level 1:colcon.colcon_core.package_identification:_identify(.) by extension 'colcon_meta'
[0.124s] Level 1:colcon.colcon_core.package_identification:_identify(.) by extensions ['ros']
[0.124s] Level 1:colcon.colcon_core.package_identification:_identify(.) by extension 'ros'
[0.180s] Level 1:colcon.colcon_core.package_identification:_identify(.) by extensions ['cmake', 'python']
[0.180s] Level 1:colcon.colcon_core.package_identification:_identify(.) by extension 'cmake'
[0.180s] Level 1:colcon.colcon_core.package_identification:_identify(.) by extension 'python'
[0.180s] Level 1:colcon.colcon_core.package_identification:_identify(.) by extensions ['python_setup_py']
[0.180s] Level 1:colcon.colcon_core.package_identification:_identify(.) by extension 'python_setup_py'
[0.180s] Level 1:colcon.colcon_core.package_identification:_identify(build) by extensions ['ignore', 'ignore_ament_install']
[0.180s] Level 1:colcon.colcon_core.package_identification:_identify(build) by extension 'ignore'
[0.180s] Level 1:colcon.colcon_core.package_identification:_identify(build) ignored
[0.180s] Level 1:colcon.colcon_core.package_identification:_identify(install) by extensions ['ignore', 'ignore_ament_install']
[0.180s] Level 1:colcon.colcon_core.package_identification:_identify(install) by extension 'ignore'
[0.180s] Level 1:colcon.colcon_core.package_identification:_identify(install) ignored
[0.180s] Level 1:colcon.colcon_core.package_identification:_identify(log) by extensions ['ignore', 'ignore_ament_install']
[0.180s] Level 1:colcon.colcon_core.package_identification:_identify(log) by extension 'ignore'
[0.181s] Level 1:colcon.colcon_core.package_identification:_identify(log) ignored
[0.181s] Level 1:colcon.colcon_core.package_identification:_identify(src) by extensions ['ignore', 'ignore_ament_install']
[0.181s] Level 1:colcon.colcon_core.package_identification:_identify(src) by extension 'ignore'
[0.181s] Level 1:colcon.colcon_core.package_identification:_identify(src) by extension 'ignore_ament_install'
[0.181s] Level 1:colcon.colcon_core.package_identification:_identify(src) by extensions ['colcon_pkg']
[0.181s] Level 1:colcon.colcon_core.package_identification:_identify(src) by extension 'colcon_pkg'
[0.181s] Level 1:colcon.colcon_core.package_identification:_identify(src) by extensions ['colcon_meta']
[0.181s] Level 1:colcon.colcon_core.package_identification:_identify(src) by extension 'colcon_meta'
[0.181s] Level 1:colcon.colcon_core.package_identification:_identify(src) by extensions ['ros']
[0.181s] Level 1:colcon.colcon_core.package_identification:_identify(src) by extension 'ros'
[0.181s] Level 1:colcon.colcon_core.package_identification:_identify(src) by extensions ['cmake', 'python']
[0.181s] Level 1:colcon.colcon_core.package_identification:_identify(src) by extension 'cmake'
[0.181s] Level 1:colcon.colcon_core.package_identification:_identify(src) by extension 'python'
[0.181s] Level 1:colcon.colcon_core.package_identification:_identify(src) by extensions ['python_setup_py']
[0.181s] Level 1:colcon.colcon_core.package_identification:_identify(src) by extension 'python_setup_py'
[0.181s] Level 1:colcon.colcon_core.package_identification:_identify(src/fine_detect) by extensions ['ignore', 'ignore_ament_install']
[0.181s] Level 1:colcon.colcon_core.package_identification:_identify(src/fine_detect) by extension 'ignore'
[0.181s] Level 1:colcon.colcon_core.package_identification:_identify(src/fine_detect) by extension 'ignore_ament_install'
[0.181s] Level 1:colcon.colcon_core.package_identification:_identify(src/fine_detect) by extensions ['colcon_pkg']
[0.181s] Level 1:colcon.colcon_core.package_identification:_identify(src/fine_detect) by extension 'colcon_pkg'
[0.181s] Level 1:colcon.colcon_core.package_identification:_identify(src/fine_detect) by extensions ['colcon_meta']
[0.181s] Level 1:colcon.colcon_core.package_identification:_identify(src/fine_detect) by extension 'colcon_meta'
[0.181s] Level 1:colcon.colcon_core.package_identification:_identify(src/fine_detect) by extensions ['ros']
[0.181s] Level 1:colcon.colcon_core.package_identification:_identify(src/fine_detect) by extension 'ros'
[0.183s] DEBUG:colcon.colcon_core.package_identification:Package 'src/fine_detect' with type 'ros.ament_python' and name 'fine_detect'
[0.183s] Level 1:colcon.colcon_core.package_identification:_identify(src/interfaces) by extensions ['ignore', 'ignore_ament_install']
[0.183s] Level 1:colcon.colcon_core.package_identification:_identify(src/interfaces) by extension 'ignore'
[0.183s] Level 1:colcon.colcon_core.package_identification:_identify(src/interfaces) by extension 'ignore_ament_install'
[0.183s] Level 1:colcon.colcon_core.package_identification:_identify(src/interfaces) by extensions ['colcon_pkg']
[0.183s] Level 1:colcon.colcon_core.package_identification:_identify(src/interfaces) by extension 'colcon_pkg'
[0.183s] Level 1:colcon.colcon_core.package_identification:_identify(src/interfaces) by extensions ['colcon_meta']
[0.183s] Level 1:colcon.colcon_core.package_identification:_identify(src/interfaces) by extension 'colcon_meta'
[0.183s] Level 1:colcon.colcon_core.package_identification:_identify(src/interfaces) by extensions ['ros']
[0.183s] Level 1:colcon.colcon_core.package_identification:_identify(src/interfaces) by extension 'ros'
[0.184s] DEBUG:colcon.colcon_core.package_identification:Package 'src/interfaces' with type 'ros.ament_cmake' and name 'interfaces'
[0.184s] Level 1:colcon.colcon_core.package_discovery:discover_packages(recursive) using defaults
[0.184s] Level 1:colcon.colcon_core.package_discovery:discover_packages(ignore) discover
[0.184s] Level 1:colcon.colcon_core.package_discovery:discover_packages(ignore) using defaults
[0.184s] Level 1:colcon.colcon_core.package_discovery:discover_packages(path) discover
[0.184s] Level 1:colcon.colcon_core.package_discovery:discover_packages(path) using defaults
[0.198s] Level 1:colcon.colcon_core.package_discovery:discover_packages(prefix_path) check parameters
[0.198s] Level 1:colcon.colcon_core.package_discovery:discover_packages(prefix_path) discover
[0.200s] DEBUG:colcon.colcon_installed_package_information.package_discovery:Found 2 installed packages in /home/amejiyo/GitHub/DL501Project/install
[0.201s] DEBUG:colcon.colcon_installed_package_information.package_discovery:Found 5 installed packages in /home/amejiyo/yolobot/install
[0.201s] DEBUG:colcon.colcon_installed_package_information.package_discovery:Found 17 installed packages in /home/amejiyo/ros2_ws/install
[0.202s] DEBUG:colcon.colcon_installed_package_information.package_discovery:Found 270 installed packages in /opt/ros/foxy
[0.204s] Level 1:colcon.colcon_core.package_discovery:discover_packages(prefix_path) using defaults
[0.254s] Level 5:colcon.colcon_core.verb:set package 'fine_detect' build argument 'cmake_args' from command line to 'None'
[0.254s] Level 5:colcon.colcon_core.verb:set package 'fine_detect' build argument 'cmake_target' from command line to 'None'
[0.254s] Level 5:colcon.colcon_core.verb:set package 'fine_detect' build argument 'cmake_target_skip_unavailable' from command line to 'False'
[0.254s] Level 5:colcon.colcon_core.verb:set package 'fine_detect' build argument 'cmake_clean_cache' from command line to 'False'
[0.254s] Level 5:colcon.colcon_core.verb:set package 'fine_detect' build argument 'cmake_clean_first' from command line to 'False'
[0.254s] Level 5:colcon.colcon_core.verb:set package 'fine_detect' build argument 'cmake_force_configure' from command line to 'False'
[0.254s] Level 5:colcon.colcon_core.verb:set package 'fine_detect' build argument 'ament_cmake_args' from command line to 'None'
[0.254s] Level 5:colcon.colcon_core.verb:set package 'fine_detect' build argument 'catkin_cmake_args' from command line to 'None'
[0.254s] Level 5:colcon.colcon_core.verb:set package 'fine_detect' build argument 'catkin_skip_building_tests' from command line to 'False'
[0.254s] DEBUG:colcon.colcon_core.verb:Building package 'fine_detect' with the following arguments: {'ament_cmake_args': None, 'build_base': '/home/amejiyo/GitHub/DL501Project/build/fine_detect', 'catkin_cmake_args': None, 'catkin_skip_building_tests': False, 'cmake_args': None, 'cmake_clean_cache': False, 'cmake_clean_first': False, 'cmake_force_configure': False, 'cmake_target': None, 'cmake_target_skip_unavailable': False, 'install_base': '/home/amejiyo/GitHub/DL501Project/install/fine_detect', 'merge_install': False, 'path': '/home/amejiyo/GitHub/DL501Project/src/fine_detect', 'symlink_install': False, 'test_result_base': None}
[0.255s] Level 5:colcon.colcon_core.verb:set package 'interfaces' build argument 'cmake_args' from command line to 'None'
[0.255s] Level 5:colcon.colcon_core.verb:set package 'interfaces' build argument 'cmake_target' from command line to 'None'
[0.255s] Level 5:colcon.colcon_core.verb:set package 'interfaces' build argument 'cmake_target_skip_unavailable' from command line to 'False'
[0.255s] Level 5:colcon.colcon_core.verb:set package 'interfaces' build argument 'cmake_clean_cache' from command line to 'False'
[0.255s] Level 5:colcon.colcon_core.verb:set package 'interfaces' build argument 'cmake_clean_first' from command line to 'False'
[0.255s] Level 5:colcon.colcon_core.verb:set package 'interfaces' build argument 'cmake_force_configure' from command line to 'False'
[0.255s] Level 5:colcon.colcon_core.verb:set package 'interfaces' build argument 'ament_cmake_args' from command line to 'None'
[0.255s] Level 5:colcon.colcon_core.verb:set package 'interfaces' build argument 'catkin_cmake_args' from command line to 'None'
[0.255s] Level 5:colcon.colcon_core.verb:set package 'interfaces' build argument 'catkin_skip_building_tests' from command line to 'False'
[0.255s] DEBUG:colcon.colcon_core.verb:Building package 'interfaces' with the following arguments: {'ament_cmake_args': None, 'build_base': '/home/amejiyo/GitHub/DL501Project/build/interfaces', 'catkin_cmake_args': None, 'catkin_skip_building_tests': False, 'cmake_args': None, 'cmake_clean_cache': False, 'cmake_clean_first': False, 'cmake_force_configure': False, 'cmake_target': None, 'cmake_target_skip_unavailable': False, 'install_base': '/home/amejiyo/GitHub/DL501Project/install/interfaces', 'merge_install': False, 'path': '/home/amejiyo/GitHub/DL501Project/src/interfaces', 'symlink_install': False, 'test_result_base': None}
[0.255s] INFO:colcon.colcon_core.executor:Executing jobs using 'parallel' executor
[0.257s] DEBUG:colcon.colcon_parallel_executor.executor.parallel:run_until_complete
[0.257s] INFO:colcon.colcon_ros.task.ament_python.build:Building ROS package in '/home/amejiyo/GitHub/DL501Project/src/fine_detect' with build type 'ament_python'
[0.258s] Level 1:colcon.colcon_core.shell:create_environment_hook('fine_detect', 'ament_prefix_path')
[0.262s] INFO:colcon.colcon_core.plugin_system:Skipping extension 'colcon_core.shell.bat': Not used on non-Windows systems
[0.262s] INFO:colcon.colcon_core.shell:Creating environment hook '/home/amejiyo/GitHub/DL501Project/install/fine_detect/share/fine_detect/hook/ament_prefix_path.ps1'
[0.263s] INFO:colcon.colcon_core.shell:Creating environment descriptor '/home/amejiyo/GitHub/DL501Project/install/fine_detect/share/fine_detect/hook/ament_prefix_path.dsv'
[0.263s] INFO:colcon.colcon_core.shell:Creating environment hook '/home/amejiyo/GitHub/DL501Project/install/fine_detect/share/fine_detect/hook/ament_prefix_path.sh'
[0.264s] INFO:colcon.colcon_core.shell:Skip shell extension 'powershell' for command environment: Not usable outside of PowerShell
[0.264s] DEBUG:colcon.colcon_core.shell:Skip shell extension 'dsv' for command environment
[0.270s] INFO:colcon.colcon_ros.task.ament_cmake.build:Building ROS package in '/home/amejiyo/GitHub/DL501Project/src/interfaces' with build type 'ament_cmake'
[0.271s] INFO:colcon.colcon_cmake.task.cmake.build:Building CMake package in '/home/amejiyo/GitHub/DL501Project/src/interfaces'
[0.273s] INFO:colcon.colcon_core.shell:Skip shell extension 'powershell' for command environment: Not usable outside of PowerShell
[0.273s] DEBUG:colcon.colcon_core.shell:Skip shell extension 'dsv' for command environment
[0.511s] INFO:colcon.colcon_core.task.python.build:Building Python package in '/home/amejiyo/GitHub/DL501Project/src/fine_detect'
[0.513s] INFO:colcon.colcon_core.shell:Skip shell extension 'powershell' for command environment: Not usable outside of PowerShell
[0.513s] DEBUG:colcon.colcon_core.shell:Skip shell extension 'dsv' for command environment
[0.533s] DEBUG:colcon.colcon_core.event_handler.log_command:Invoking command in '/home/amejiyo/GitHub/DL501Project/build/interfaces': CMAKE_PREFIX_PATH=${CMAKE_PREFIX_PATH}:/home/amejiyo/GitHub/DL501Project/install/fine_detect:/home/amejiyo/yolobot/install/yolobot_recognition:/home/amejiyo/ros2_ws/install/py_pubsub:/home/amejiyo/ros2_ws/install/opencv_tests:/home/amejiyo/ros2_ws/install/detection:/opt/ros/foxy /usr/bin/cmake --build /home/amejiyo/GitHub/DL501Project/build/interfaces -- -j16 -l16
[0.788s] DEBUG:colcon.colcon_core.event_handler.log_command:Invoked command in '/home/amejiyo/GitHub/DL501Project/build/interfaces' returned '0': CMAKE_PREFIX_PATH=${CMAKE_PREFIX_PATH}:/home/amejiyo/GitHub/DL501Project/install/fine_detect:/home/amejiyo/yolobot/install/yolobot_recognition:/home/amejiyo/ros2_ws/install/py_pubsub:/home/amejiyo/ros2_ws/install/opencv_tests:/home/amejiyo/ros2_ws/install/detection:/opt/ros/foxy /usr/bin/cmake --build /home/amejiyo/GitHub/DL501Project/build/interfaces -- -j16 -l16
[0.882s] DEBUG:colcon.colcon_core.event_handler.log_command:Invoking command in '/home/amejiyo/GitHub/DL501Project/build/interfaces': CMAKE_PREFIX_PATH=${CMAKE_PREFIX_PATH}:/home/amejiyo/GitHub/DL501Project/install/fine_detect:/home/amejiyo/yolobot/install/yolobot_recognition:/home/amejiyo/ros2_ws/install/py_pubsub:/home/amejiyo/ros2_ws/install/opencv_tests:/home/amejiyo/ros2_ws/install/detection:/opt/ros/foxy /usr/bin/cmake --install /home/amejiyo/GitHub/DL501Project/build/interfaces
[0.942s] Level 1:colcon.colcon_core.environment:create_environment_scripts_only(interfaces)
[0.943s] DEBUG:colcon.colcon_core.event_handler.log_command:Invoking command in '/home/amejiyo/GitHub/DL501Project/src/fine_detect': PYTHONPATH=/home/amejiyo/GitHub/DL501Project/install/fine_detect/lib/python3.8/site-packages:${PYTHONPATH} /usr/bin/python3 setup.py egg_info --egg-base ../../build/fine_detect build --build-base /home/amejiyo/GitHub/DL501Project/build/fine_detect/build install --prefix /home/amejiyo/GitHub/DL501Project/install/fine_detect --record /home/amejiyo/GitHub/DL501Project/build/fine_detect/install.log --single-version-externally-managed
[0.944s] DEBUG:colcon.colcon_core.event_handler.log_command:Invoked command in '/home/amejiyo/GitHub/DL501Project/build/interfaces' returned '0': CMAKE_PREFIX_PATH=${CMAKE_PREFIX_PATH}:/home/amejiyo/GitHub/DL501Project/install/fine_detect:/home/amejiyo/yolobot/install/yolobot_recognition:/home/amejiyo/ros2_ws/install/py_pubsub:/home/amejiyo/ros2_ws/install/opencv_tests:/home/amejiyo/ros2_ws/install/detection:/opt/ros/foxy /usr/bin/cmake --install /home/amejiyo/GitHub/DL501Project/build/interfaces
[0.947s] Level 1:colcon.colcon_core.environment:checking '/home/amejiyo/GitHub/DL501Project/install/interfaces' for CMake module files
[0.947s] Level 1:colcon.colcon_core.environment:checking '/home/amejiyo/GitHub/DL501Project/install/interfaces' for CMake config files
[0.947s] Level 1:colcon.colcon_core.shell:create_environment_hook('interfaces', 'cmake_prefix_path')
[0.948s] INFO:colcon.colcon_core.shell:Creating environment hook '/home/amejiyo/GitHub/DL501Project/install/interfaces/share/interfaces/hook/cmake_prefix_path.ps1'
[0.948s] INFO:colcon.colcon_core.shell:Creating environment descriptor '/home/amejiyo/GitHub/DL501Project/install/interfaces/share/interfaces/hook/cmake_prefix_path.dsv'
[0.948s] INFO:colcon.colcon_core.shell:Creating environment hook '/home/amejiyo/GitHub/DL501Project/install/interfaces/share/interfaces/hook/cmake_prefix_path.sh'
[0.949s] Level 1:colcon.colcon_core.environment:checking '/home/amejiyo/GitHub/DL501Project/install/interfaces/lib'
[0.949s] Level 1:colcon.colcon_core.shell:create_environment_hook('interfaces', 'ld_library_path_lib')
[0.949s] INFO:colcon.colcon_core.shell:Creating environment hook '/home/amejiyo/GitHub/DL501Project/install/interfaces/share/interfaces/hook/ld_library_path_lib.ps1'
[0.950s] INFO:colcon.colcon_core.shell:Creating environment descriptor '/home/amejiyo/GitHub/DL501Project/install/interfaces/share/interfaces/hook/ld_library_path_lib.dsv'
[0.950s] INFO:colcon.colcon_core.shell:Creating environment hook '/home/amejiyo/GitHub/DL501Project/install/interfaces/share/interfaces/hook/ld_library_path_lib.sh'
[0.951s] Level 1:colcon.colcon_core.environment:checking '/home/amejiyo/GitHub/DL501Project/install/interfaces/bin'
[0.951s] Level 1:colcon.colcon_core.environment:checking '/home/amejiyo/GitHub/DL501Project/install/interfaces/lib/pkgconfig/interfaces.pc'
[0.951s] Level 1:colcon.colcon_core.environment:checking '/home/amejiyo/GitHub/DL501Project/install/interfaces/lib/python3.8/site-packages'
[0.951s] Level 1:colcon.colcon_core.shell:create_environment_hook('interfaces', 'pythonpath')
[0.951s] INFO:colcon.colcon_core.shell:Creating environment hook '/home/amejiyo/GitHub/DL501Project/install/interfaces/share/interfaces/hook/pythonpath.ps1'
[0.952s] INFO:colcon.colcon_core.shell:Creating environment descriptor '/home/amejiyo/GitHub/DL501Project/install/interfaces/share/interfaces/hook/pythonpath.dsv'
[0.952s] INFO:colcon.colcon_core.shell:Creating environment hook '/home/amejiyo/GitHub/DL501Project/install/interfaces/share/interfaces/hook/pythonpath.sh'
[0.952s] INFO:colcon.colcon_core.shell:Creating package script '/home/amejiyo/GitHub/DL501Project/install/interfaces/share/interfaces/package.ps1'
[0.953s] INFO:colcon.colcon_core.shell:Creating package descriptor '/home/amejiyo/GitHub/DL501Project/install/interfaces/share/interfaces/package.dsv'
[0.953s] INFO:colcon.colcon_core.shell:Creating package script '/home/amejiyo/GitHub/DL501Project/install/interfaces/share/interfaces/package.sh'
[0.954s] INFO:colcon.colcon_core.shell:Creating package script '/home/amejiyo/GitHub/DL501Project/install/interfaces/share/interfaces/package.bash'
[0.955s] INFO:colcon.colcon_core.shell:Creating package script '/home/amejiyo/GitHub/DL501Project/install/interfaces/share/interfaces/package.zsh'
[0.955s] Level 1:colcon.colcon_core.environment:create_file_with_runtime_dependencies(/home/amejiyo/GitHub/DL501Project/install/interfaces/share/colcon-core/packages/interfaces)
[1.026s] Level 1:colcon.colcon_core.environment:create_environment_scripts_only(interfaces)
[1.027s] Level 1:colcon.colcon_core.environment:checking '/home/amejiyo/GitHub/DL501Project/install/interfaces' for CMake module files
[1.027s] Level 1:colcon.colcon_core.environment:checking '/home/amejiyo/GitHub/DL501Project/install/interfaces' for CMake config files
[1.027s] Level 1:colcon.colcon_core.shell:create_environment_hook('interfaces', 'cmake_prefix_path')
[1.028s] INFO:colcon.colcon_core.shell:Creating environment hook '/home/amejiyo/GitHub/DL501Project/install/interfaces/share/interfaces/hook/cmake_prefix_path.ps1'
[1.028s] INFO:colcon.colcon_core.shell:Creating environment descriptor '/home/amejiyo/GitHub/DL501Project/install/interfaces/share/interfaces/hook/cmake_prefix_path.dsv'
[1.028s] INFO:colcon.colcon_core.shell:Creating environment hook '/home/amejiyo/GitHub/DL501Project/install/interfaces/share/interfaces/hook/cmake_prefix_path.sh'
[1.029s] Level 1:colcon.colcon_core.environment:checking '/home/amejiyo/GitHub/DL501Project/install/interfaces/lib'
[1.029s] Level 1:colcon.colcon_core.shell:create_environment_hook('interfaces', 'ld_library_path_lib')
[1.030s] INFO:colcon.colcon_core.shell:Creating environment hook '/home/amejiyo/GitHub/DL501Project/install/interfaces/share/interfaces/hook/ld_library_path_lib.ps1'
[1.030s] INFO:colcon.colcon_core.shell:Creating environment descriptor '/home/amejiyo/GitHub/DL501Project/install/interfaces/share/interfaces/hook/ld_library_path_lib.dsv'
[1.031s] INFO:colcon.colcon_core.shell:Creating environment hook '/home/amejiyo/GitHub/DL501Project/install/interfaces/share/interfaces/hook/ld_library_path_lib.sh'
[1.031s] Level 1:colcon.colcon_core.environment:checking '/home/amejiyo/GitHub/DL501Project/install/interfaces/bin'
[1.031s] Level 1:colcon.colcon_core.environment:checking '/home/amejiyo/GitHub/DL501Project/install/interfaces/lib/pkgconfig/interfaces.pc'
[1.031s] Level 1:colcon.colcon_core.environment:checking '/home/amejiyo/GitHub/DL501Project/install/interfaces/lib/python3.8/site-packages'
[1.031s] Level 1:colcon.colcon_core.shell:create_environment_hook('interfaces', 'pythonpath')
[1.032s] INFO:colcon.colcon_core.shell:Creating environment hook '/home/amejiyo/GitHub/DL501Project/install/interfaces/share/interfaces/hook/pythonpath.ps1'
[1.032s] INFO:colcon.colcon_core.shell:Creating environment descriptor '/home/amejiyo/GitHub/DL501Project/install/interfaces/share/interfaces/hook/pythonpath.dsv'
[1.032s] INFO:colcon.colcon_core.shell:Creating environment hook '/home/amejiyo/GitHub/DL501Project/install/interfaces/share/interfaces/hook/pythonpath.sh'
[1.033s] INFO:colcon.colcon_core.shell:Creating package script '/home/amejiyo/GitHub/DL501Project/install/interfaces/share/interfaces/package.ps1'
[1.034s] INFO:colcon.colcon_core.shell:Creating package descriptor '/home/amejiyo/GitHub/DL501Project/install/interfaces/share/interfaces/package.dsv'
[1.034s] INFO:colcon.colcon_core.shell:Creating package script '/home/amejiyo/GitHub/DL501Project/install/interfaces/share/interfaces/package.sh'
[1.035s] INFO:colcon.colcon_core.shell:Creating package script '/home/amejiyo/GitHub/DL501Project/install/interfaces/share/interfaces/package.bash'
[1.035s] INFO:colcon.colcon_core.shell:Creating package script '/home/amejiyo/GitHub/DL501Project/install/interfaces/share/interfaces/package.zsh'
[1.035s] Level 1:colcon.colcon_core.environment:create_file_with_runtime_dependencies(/home/amejiyo/GitHub/DL501Project/install/interfaces/share/colcon-core/packages/interfaces)
[1.218s] Level 1:colcon.colcon_core.environment:checking '/home/amejiyo/GitHub/DL501Project/install/fine_detect' for CMake module files
[1.219s] DEBUG:colcon.colcon_core.event_handler.log_command:Invoked command in '/home/amejiyo/GitHub/DL501Project/src/fine_detect' returned '0': PYTHONPATH=/home/amejiyo/GitHub/DL501Project/install/fine_detect/lib/python3.8/site-packages:${PYTHONPATH} /usr/bin/python3 setup.py egg_info --egg-base ../../build/fine_detect build --build-base /home/amejiyo/GitHub/DL501Project/build/fine_detect/build install --prefix /home/amejiyo/GitHub/DL501Project/install/fine_detect --record /home/amejiyo/GitHub/DL501Project/build/fine_detect/install.log --single-version-externally-managed
[1.220s] Level 1:colcon.colcon_core.environment:checking '/home/amejiyo/GitHub/DL501Project/install/fine_detect' for CMake config files
[1.221s] Level 1:colcon.colcon_core.environment:checking '/home/amejiyo/GitHub/DL501Project/install/fine_detect/lib'
[1.221s] Level 1:colcon.colcon_core.environment:checking '/home/amejiyo/GitHub/DL501Project/install/fine_detect/bin'
[1.222s] Level 1:colcon.colcon_core.environment:checking '/home/amejiyo/GitHub/DL501Project/install/fine_detect/lib/pkgconfig/fine_detect.pc'
[1.222s] Level 1:colcon.colcon_core.environment:checking '/home/amejiyo/GitHub/DL501Project/install/fine_detect/lib/python3.8/site-packages'
[1.222s] Level 1:colcon.colcon_core.shell:create_environment_hook('fine_detect', 'pythonpath')
[1.223s] INFO:colcon.colcon_core.shell:Creating environment hook '/home/amejiyo/GitHub/DL501Project/install/fine_detect/share/fine_detect/hook/pythonpath.ps1'
[1.224s] INFO:colcon.colcon_core.shell:Creating environment descriptor '/home/amejiyo/GitHub/DL501Project/install/fine_detect/share/fine_detect/hook/pythonpath.dsv'
[1.224s] INFO:colcon.colcon_core.shell:Creating environment hook '/home/amejiyo/GitHub/DL501Project/install/fine_detect/share/fine_detect/hook/pythonpath.sh'
[1.225s] Level 1:colcon.colcon_core.environment:create_environment_scripts_only(fine_detect)
[1.226s] INFO:colcon.colcon_core.shell:Creating package script '/home/amejiyo/GitHub/DL501Project/install/fine_detect/share/fine_detect/package.ps1'
[1.227s] INFO:colcon.colcon_core.shell:Creating package descriptor '/home/amejiyo/GitHub/DL501Project/install/fine_detect/share/fine_detect/package.dsv'
[1.227s] INFO:colcon.colcon_core.shell:Creating package script '/home/amejiyo/GitHub/DL501Project/install/fine_detect/share/fine_detect/package.sh'
[1.228s] INFO:colcon.colcon_core.shell:Creating package script '/home/amejiyo/GitHub/DL501Project/install/fine_detect/share/fine_detect/package.bash'
[1.228s] INFO:colcon.colcon_core.shell:Creating package script '/home/amejiyo/GitHub/DL501Project/install/fine_detect/share/fine_detect/package.zsh'
[1.228s] Level 1:colcon.colcon_core.environment:create_file_with_runtime_dependencies(/home/amejiyo/GitHub/DL501Project/install/fine_detect/share/colcon-core/packages/fine_detect)
[1.229s] DEBUG:colcon.colcon_parallel_executor.executor.parallel:closing loop
[1.229s] DEBUG:colcon.colcon_parallel_executor.executor.parallel:loop closed
[1.229s] DEBUG:colcon.colcon_parallel_executor.executor.parallel:run_until_complete finished with '0'
[1.229s] DEBUG:colcon.colcon_core.event_reactor:joining thread
[1.235s] INFO:colcon.colcon_core.plugin_system:Skipping extension 'colcon_notification.desktop_notification.terminal_notifier': Not used on non-Darwin systems
[1.235s] INFO:colcon.colcon_core.plugin_system:Skipping extension 'colcon_notification.desktop_notification.win32': Not used on non-Windows systems
[1.235s] INFO:colcon.colcon_notification.desktop_notification:Sending desktop notification using 'notify2'
[1.255s] DEBUG:colcon.colcon_core.event_reactor:joined thread
[1.256s] INFO:colcon.colcon_core.shell:Creating prefix script '/home/amejiyo/GitHub/DL501Project/install/local_setup.ps1'
[1.257s] INFO:colcon.colcon_core.shell:Creating prefix util module '/home/amejiyo/GitHub/DL501Project/install/_local_setup_util_ps1.py'
[1.258s] INFO:colcon.colcon_core.shell:Creating prefix chain script '/home/amejiyo/GitHub/DL501Project/install/setup.ps1'
[1.260s] INFO:colcon.colcon_core.shell:Creating prefix script '/home/amejiyo/GitHub/DL501Project/install/local_setup.sh'
[1.260s] INFO:colcon.colcon_core.shell:Creating prefix util module '/home/amejiyo/GitHub/DL501Project/install/_local_setup_util_sh.py'
[1.261s] INFO:colcon.colcon_core.shell:Creating prefix chain script '/home/amejiyo/GitHub/DL501Project/install/setup.sh'
[1.263s] INFO:colcon.colcon_core.shell:Creating prefix script '/home/amejiyo/GitHub/DL501Project/install/local_setup.bash'
[1.263s] INFO:colcon.colcon_core.shell:Creating prefix chain script '/home/amejiyo/GitHub/DL501Project/install/setup.bash'
[1.265s] INFO:colcon.colcon_core.shell:Creating prefix script '/home/amejiyo/GitHub/DL501Project/install/local_setup.zsh'
[1.265s] INFO:colcon.colcon_core.shell:Creating prefix chain script '/home/amejiyo/GitHub/DL501Project/install/setup.zsh'
