[0.136s] DEBUG:colcon:Command line arguments: ['/usr/bin/colcon', 'build']
[0.136s] DEBUG:colcon:Parsed command line arguments: Namespace(allow_overriding=[], ament_cmake_args=None, base_paths=['.'], build_base='build', catkin_cmake_args=None, catkin_skip_building_tests=False, cmake_args=None, cmake_clean_cache=False, cmake_clean_first=False, cmake_force_configure=False, cmake_target=None, cmake_target_skip_unavailable=False, continue_on_error=False, event_handlers=None, executor='parallel', ignore_user_meta=False, install_base='install', log_base=None, log_level=None, main=<bound method BuildVerb.main of <colcon_core.verb.build.BuildVerb object at 0x7f6ac4c9ad60>>, merge_install=False, metas=['./colcon.meta'], packages_above=None, packages_above_and_dependencies=None, packages_above_depth=None, packages_end=None, packages_ignore=None, packages_ignore_regex=None, packages_select=None, packages_select_build_failed=False, packages_select_by_dep=None, packages_select_regex=None, packages_select_test_failures=False, packages_skip=None, packages_skip_build_finished=False, packages_skip_by_dep=None, packages_skip_regex=None, packages_skip_test_passed=False, packages_skip_up_to=None, packages_start=None, packages_up_to=None, packages_up_to_regex=None, parallel_workers=16, paths=None, symlink_install=False, test_result_base=None, verb_extension=<colcon_core.verb.build.BuildVerb object at 0x7f6ac4c9ad60>, verb_name='build', verb_parser=<colcon_defaults.argument_parser.defaults.DefaultArgumentsDecorator object at 0x7f6ac4ca4310>)
[0.161s] Level 1:colcon.colcon_core.package_discovery:discover_packages(colcon_meta) check parameters
[0.161s] Level 1:colcon.colcon_core.package_discovery:discover_packages(recursive) check parameters
[0.161s] Level 1:colcon.colcon_core.package_discovery:discover_packages(ignore) check parameters
[0.161s] Level 1:colcon.colcon_core.package_discovery:discover_packages(path) check parameters
[0.161s] Level 1:colcon.colcon_core.package_discovery:discover_packages(colcon_meta) discover
[0.161s] Level 1:colcon.colcon_core.package_discovery:discover_packages(recursive) discover
[0.161s] INFO:colcon.colcon_core.package_discovery:Crawling recursively for packages in '/home/amejiyo/GitHub/DL501Project'
[0.161s] Level 1:colcon.colcon_core.package_identification:_identify(.) by extensions ['ignore', 'ignore_ament_install']
[0.161s] Level 1:colcon.colcon_core.package_identification:_identify(.) by extension 'ignore'
[0.161s] Level 1:colcon.colcon_core.package_identification:_identify(.) by extension 'ignore_ament_install'
[0.162s] Level 1:colcon.colcon_core.package_identification:_identify(.) by extensions ['colcon_pkg']
[0.162s] Level 1:colcon.colcon_core.package_identification:_identify(.) by extension 'colcon_pkg'
[0.162s] Level 1:colcon.colcon_core.package_identification:_identify(.) by extensions ['colcon_meta']
[0.162s] Level 1:colcon.colcon_core.package_identification:_identify(.) by extension 'colcon_meta'
[0.162s] Level 1:colcon.colcon_core.package_identification:_identify(.) by extensions ['ros']
[0.162s] Level 1:colcon.colcon_core.package_identification:_identify(.) by extension 'ros'
[0.217s] Level 1:colcon.colcon_core.package_identification:_identify(.) by extensions ['cmake', 'python']
[0.217s] Level 1:colcon.colcon_core.package_identification:_identify(.) by extension 'cmake'
[0.217s] Level 1:colcon.colcon_core.package_identification:_identify(.) by extension 'python'
[0.217s] Level 1:colcon.colcon_core.package_identification:_identify(.) by extensions ['python_setup_py']
[0.217s] Level 1:colcon.colcon_core.package_identification:_identify(.) by extension 'python_setup_py'
[0.218s] Level 1:colcon.colcon_core.package_identification:_identify(build) by extensions ['ignore', 'ignore_ament_install']
[0.218s] Level 1:colcon.colcon_core.package_identification:_identify(build) by extension 'ignore'
[0.218s] Level 1:colcon.colcon_core.package_identification:_identify(build) ignored
[0.218s] Level 1:colcon.colcon_core.package_identification:_identify(install) by extensions ['ignore', 'ignore_ament_install']
[0.218s] Level 1:colcon.colcon_core.package_identification:_identify(install) by extension 'ignore'
[0.218s] Level 1:colcon.colcon_core.package_identification:_identify(install) ignored
[0.218s] Level 1:colcon.colcon_core.package_identification:_identify(log) by extensions ['ignore', 'ignore_ament_install']
[0.218s] Level 1:colcon.colcon_core.package_identification:_identify(log) by extension 'ignore'
[0.218s] Level 1:colcon.colcon_core.package_identification:_identify(log) ignored
[0.218s] Level 1:colcon.colcon_core.package_identification:_identify(src) by extensions ['ignore', 'ignore_ament_install']
[0.218s] Level 1:colcon.colcon_core.package_identification:_identify(src) by extension 'ignore'
[0.218s] Level 1:colcon.colcon_core.package_identification:_identify(src) by extension 'ignore_ament_install'
[0.218s] Level 1:colcon.colcon_core.package_identification:_identify(src) by extensions ['colcon_pkg']
[0.218s] Level 1:colcon.colcon_core.package_identification:_identify(src) by extension 'colcon_pkg'
[0.218s] Level 1:colcon.colcon_core.package_identification:_identify(src) by extensions ['colcon_meta']
[0.218s] Level 1:colcon.colcon_core.package_identification:_identify(src) by extension 'colcon_meta'
[0.218s] Level 1:colcon.colcon_core.package_identification:_identify(src) by extensions ['ros']
[0.218s] Level 1:colcon.colcon_core.package_identification:_identify(src) by extension 'ros'
[0.218s] Level 1:colcon.colcon_core.package_identification:_identify(src) by extensions ['cmake', 'python']
[0.218s] Level 1:colcon.colcon_core.package_identification:_identify(src) by extension 'cmake'
[0.218s] Level 1:colcon.colcon_core.package_identification:_identify(src) by extension 'python'
[0.218s] Level 1:colcon.colcon_core.package_identification:_identify(src) by extensions ['python_setup_py']
[0.218s] Level 1:colcon.colcon_core.package_identification:_identify(src) by extension 'python_setup_py'
[0.219s] Level 1:colcon.colcon_core.package_identification:_identify(src/fine_detect) by extensions ['ignore', 'ignore_ament_install']
[0.219s] Level 1:colcon.colcon_core.package_identification:_identify(src/fine_detect) by extension 'ignore'
[0.219s] Level 1:colcon.colcon_core.package_identification:_identify(src/fine_detect) by extension 'ignore_ament_install'
[0.219s] Level 1:colcon.colcon_core.package_identification:_identify(src/fine_detect) by extensions ['colcon_pkg']
[0.219s] Level 1:colcon.colcon_core.package_identification:_identify(src/fine_detect) by extension 'colcon_pkg'
[0.219s] Level 1:colcon.colcon_core.package_identification:_identify(src/fine_detect) by extensions ['colcon_meta']
[0.219s] Level 1:colcon.colcon_core.package_identification:_identify(src/fine_detect) by extension 'colcon_meta'
[0.219s] Level 1:colcon.colcon_core.package_identification:_identify(src/fine_detect) by extensions ['ros']
[0.219s] Level 1:colcon.colcon_core.package_identification:_identify(src/fine_detect) by extension 'ros'
[0.221s] DEBUG:colcon.colcon_core.package_identification:Package 'src/fine_detect' with type 'ros.ament_python' and name 'fine_detect'
[0.221s] Level 1:colcon.colcon_core.package_identification:_identify(src/interfaces) by extensions ['ignore', 'ignore_ament_install']
[0.221s] Level 1:colcon.colcon_core.package_identification:_identify(src/interfaces) by extension 'ignore'
[0.221s] Level 1:colcon.colcon_core.package_identification:_identify(src/interfaces) by extension 'ignore_ament_install'
[0.221s] Level 1:colcon.colcon_core.package_identification:_identify(src/interfaces) by extensions ['colcon_pkg']
[0.221s] Level 1:colcon.colcon_core.package_identification:_identify(src/interfaces) by extension 'colcon_pkg'
[0.221s] Level 1:colcon.colcon_core.package_identification:_identify(src/interfaces) by extensions ['colcon_meta']
[0.221s] Level 1:colcon.colcon_core.package_identification:_identify(src/interfaces) by extension 'colcon_meta'
[0.221s] Level 1:colcon.colcon_core.package_identification:_identify(src/interfaces) by extensions ['ros']
[0.221s] Level 1:colcon.colcon_core.package_identification:_identify(src/interfaces) by extension 'ros'
[0.222s] DEBUG:colcon.colcon_core.package_identification:Package 'src/interfaces' with type 'ros.ament_cmake' and name 'interfaces'
[0.222s] Level 1:colcon.colcon_core.package_discovery:discover_packages(recursive) using defaults
[0.222s] Level 1:colcon.colcon_core.package_discovery:discover_packages(ignore) discover
[0.222s] Level 1:colcon.colcon_core.package_discovery:discover_packages(ignore) using defaults
[0.222s] Level 1:colcon.colcon_core.package_discovery:discover_packages(path) discover
[0.222s] Level 1:colcon.colcon_core.package_discovery:discover_packages(path) using defaults
[0.239s] Level 1:colcon.colcon_core.package_discovery:discover_packages(prefix_path) check parameters
[0.239s] Level 1:colcon.colcon_core.package_discovery:discover_packages(prefix_path) discover
[0.243s] DEBUG:colcon.colcon_installed_package_information.package_discovery:Found 5 installed packages in /home/amejiyo/yolobot/install
[0.244s] DEBUG:colcon.colcon_installed_package_information.package_discovery:Found 17 installed packages in /home/amejiyo/ros2_ws/install
[0.245s] DEBUG:colcon.colcon_installed_package_information.package_discovery:Found 270 installed packages in /opt/ros/foxy
[0.246s] Level 1:colcon.colcon_core.package_discovery:discover_packages(prefix_path) using defaults
[0.318s] Level 5:colcon.colcon_core.verb:set package 'fine_detect' build argument 'cmake_args' from command line to 'None'
[0.318s] Level 5:colcon.colcon_core.verb:set package 'fine_detect' build argument 'cmake_target' from command line to 'None'
[0.318s] Level 5:colcon.colcon_core.verb:set package 'fine_detect' build argument 'cmake_target_skip_unavailable' from command line to 'False'
[0.318s] Level 5:colcon.colcon_core.verb:set package 'fine_detect' build argument 'cmake_clean_cache' from command line to 'False'
[0.318s] Level 5:colcon.colcon_core.verb:set package 'fine_detect' build argument 'cmake_clean_first' from command line to 'False'
[0.318s] Level 5:colcon.colcon_core.verb:set package 'fine_detect' build argument 'cmake_force_configure' from command line to 'False'
[0.318s] Level 5:colcon.colcon_core.verb:set package 'fine_detect' build argument 'ament_cmake_args' from command line to 'None'
[0.318s] Level 5:colcon.colcon_core.verb:set package 'fine_detect' build argument 'catkin_cmake_args' from command line to 'None'
[0.318s] Level 5:colcon.colcon_core.verb:set package 'fine_detect' build argument 'catkin_skip_building_tests' from command line to 'False'
[0.318s] DEBUG:colcon.colcon_core.verb:Building package 'fine_detect' with the following arguments: {'ament_cmake_args': None, 'build_base': '/home/amejiyo/GitHub/DL501Project/build/fine_detect', 'catkin_cmake_args': None, 'catkin_skip_building_tests': False, 'cmake_args': None, 'cmake_clean_cache': False, 'cmake_clean_first': False, 'cmake_force_configure': False, 'cmake_target': None, 'cmake_target_skip_unavailable': False, 'install_base': '/home/amejiyo/GitHub/DL501Project/install/fine_detect', 'merge_install': False, 'path': '/home/amejiyo/GitHub/DL501Project/src/fine_detect', 'symlink_install': False, 'test_result_base': None}
[0.318s] Level 5:colcon.colcon_core.verb:set package 'interfaces' build argument 'cmake_args' from command line to 'None'
[0.318s] Level 5:colcon.colcon_core.verb:set package 'interfaces' build argument 'cmake_target' from command line to 'None'
[0.318s] Level 5:colcon.colcon_core.verb:set package 'interfaces' build argument 'cmake_target_skip_unavailable' from command line to 'False'
[0.318s] Level 5:colcon.colcon_core.verb:set package 'interfaces' build argument 'cmake_clean_cache' from command line to 'False'
[0.318s] Level 5:colcon.colcon_core.verb:set package 'interfaces' build argument 'cmake_clean_first' from command line to 'False'
[0.318s] Level 5:colcon.colcon_core.verb:set package 'interfaces' build argument 'cmake_force_configure' from command line to 'False'
[0.318s] Level 5:colcon.colcon_core.verb:set package 'interfaces' build argument 'ament_cmake_args' from command line to 'None'
[0.318s] Level 5:colcon.colcon_core.verb:set package 'interfaces' build argument 'catkin_cmake_args' from command line to 'None'
[0.319s] Level 5:colcon.colcon_core.verb:set package 'interfaces' build argument 'catkin_skip_building_tests' from command line to 'False'
[0.319s] DEBUG:colcon.colcon_core.verb:Building package 'interfaces' with the following arguments: {'ament_cmake_args': None, 'build_base': '/home/amejiyo/GitHub/DL501Project/build/interfaces', 'catkin_cmake_args': None, 'catkin_skip_building_tests': False, 'cmake_args': None, 'cmake_clean_cache': False, 'cmake_clean_first': False, 'cmake_force_configure': False, 'cmake_target': None, 'cmake_target_skip_unavailable': False, 'install_base': '/home/amejiyo/GitHub/DL501Project/install/interfaces', 'merge_install': False, 'path': '/home/amejiyo/GitHub/DL501Project/src/interfaces', 'symlink_install': False, 'test_result_base': None}
[0.319s] INFO:colcon.colcon_core.executor:Executing jobs using 'parallel' executor
[0.320s] DEBUG:colcon.colcon_parallel_executor.executor.parallel:run_until_complete
[0.321s] INFO:colcon.colcon_ros.task.ament_python.build:Building ROS package in '/home/amejiyo/GitHub/DL501Project/src/fine_detect' with build type 'ament_python'
[0.321s] Level 1:colcon.colcon_core.shell:create_environment_hook('fine_detect', 'ament_prefix_path')
[0.330s] INFO:colcon.colcon_core.plugin_system:Skipping extension 'colcon_core.shell.bat': Not used on non-Windows systems
[0.330s] INFO:colcon.colcon_core.shell:Creating environment hook '/home/amejiyo/GitHub/DL501Project/install/fine_detect/share/fine_detect/hook/ament_prefix_path.ps1'
[0.332s] INFO:colcon.colcon_core.shell:Creating environment descriptor '/home/amejiyo/GitHub/DL501Project/install/fine_detect/share/fine_detect/hook/ament_prefix_path.dsv'
[0.332s] INFO:colcon.colcon_core.shell:Creating environment hook '/home/amejiyo/GitHub/DL501Project/install/fine_detect/share/fine_detect/hook/ament_prefix_path.sh'
[0.333s] INFO:colcon.colcon_core.shell:Skip shell extension 'powershell' for command environment: Not usable outside of PowerShell
[0.333s] DEBUG:colcon.colcon_core.shell:Skip shell extension 'dsv' for command environment
[0.341s] INFO:colcon.colcon_ros.task.ament_cmake.build:Building ROS package in '/home/amejiyo/GitHub/DL501Project/src/interfaces' with build type 'ament_cmake'
[0.341s] INFO:colcon.colcon_cmake.task.cmake.build:Building CMake package in '/home/amejiyo/GitHub/DL501Project/src/interfaces'
[0.342s] INFO:colcon.colcon_core.shell:Skip shell extension 'powershell' for command environment: Not usable outside of PowerShell
[0.342s] DEBUG:colcon.colcon_core.shell:Skip shell extension 'dsv' for command environment
[0.572s] INFO:colcon.colcon_core.task.python.build:Building Python package in '/home/amejiyo/GitHub/DL501Project/src/fine_detect'
[0.573s] INFO:colcon.colcon_core.shell:Skip shell extension 'powershell' for command environment: Not usable outside of PowerShell
[0.574s] DEBUG:colcon.colcon_core.shell:Skip shell extension 'dsv' for command environment
[0.589s] DEBUG:colcon.colcon_core.event_handler.log_command:Invoking command in '/home/amejiyo/GitHub/DL501Project/build/interfaces': CMAKE_PREFIX_PATH=${CMAKE_PREFIX_PATH}:/home/amejiyo/ros2_ws/install/py_pubsub:/home/amejiyo/ros2_ws/install/opencv_tests:/home/amejiyo/ros2_ws/install/detection:/home/amejiyo/yolobot/install/yolobot_recognition:/opt/ros/foxy /usr/bin/cmake /home/amejiyo/GitHub/DL501Project/src/interfaces -DCMAKE_INSTALL_PREFIX=/home/amejiyo/GitHub/DL501Project/install/interfaces
[1.053s] DEBUG:colcon.colcon_core.event_handler.log_command:Invoking command in '/home/amejiyo/GitHub/DL501Project/src/fine_detect': PYTHONPATH=/home/amejiyo/GitHub/DL501Project/install/fine_detect/lib/python3.8/site-packages:${PYTHONPATH} /usr/bin/python3 setup.py egg_info --egg-base ../../build/fine_detect build --build-base /home/amejiyo/GitHub/DL501Project/build/fine_detect/build install --prefix /home/amejiyo/GitHub/DL501Project/install/fine_detect --record /home/amejiyo/GitHub/DL501Project/build/fine_detect/install.log --single-version-externally-managed
[1.339s] DEBUG:colcon.colcon_core.event_handler.log_command:Invoked command in '/home/amejiyo/GitHub/DL501Project/src/fine_detect' returned '0': PYTHONPATH=/home/amejiyo/GitHub/DL501Project/install/fine_detect/lib/python3.8/site-packages:${PYTHONPATH} /usr/bin/python3 setup.py egg_info --egg-base ../../build/fine_detect build --build-base /home/amejiyo/GitHub/DL501Project/build/fine_detect/build install --prefix /home/amejiyo/GitHub/DL501Project/install/fine_detect --record /home/amejiyo/GitHub/DL501Project/build/fine_detect/install.log --single-version-externally-managed
[1.347s] Level 1:colcon.colcon_core.environment:checking '/home/amejiyo/GitHub/DL501Project/install/fine_detect' for CMake module files
[1.347s] Level 1:colcon.colcon_core.environment:checking '/home/amejiyo/GitHub/DL501Project/install/fine_detect' for CMake config files
[1.348s] Level 1:colcon.colcon_core.environment:checking '/home/amejiyo/GitHub/DL501Project/install/fine_detect/lib'
[1.348s] Level 1:colcon.colcon_core.environment:checking '/home/amejiyo/GitHub/DL501Project/install/fine_detect/bin'
[1.348s] Level 1:colcon.colcon_core.environment:checking '/home/amejiyo/GitHub/DL501Project/install/fine_detect/lib/pkgconfig/fine_detect.pc'
[1.348s] Level 1:colcon.colcon_core.environment:checking '/home/amejiyo/GitHub/DL501Project/install/fine_detect/lib/python3.8/site-packages'
[1.348s] Level 1:colcon.colcon_core.shell:create_environment_hook('fine_detect', 'pythonpath')
[1.349s] INFO:colcon.colcon_core.shell:Creating environment hook '/home/amejiyo/GitHub/DL501Project/install/fine_detect/share/fine_detect/hook/pythonpath.ps1'
[1.350s] INFO:colcon.colcon_core.shell:Creating environment descriptor '/home/amejiyo/GitHub/DL501Project/install/fine_detect/share/fine_detect/hook/pythonpath.dsv'
[1.350s] INFO:colcon.colcon_core.shell:Creating environment hook '/home/amejiyo/GitHub/DL501Project/install/fine_detect/share/fine_detect/hook/pythonpath.sh'
[1.350s] Level 1:colcon.colcon_core.environment:create_environment_scripts_only(fine_detect)
[1.351s] INFO:colcon.colcon_core.shell:Creating package script '/home/amejiyo/GitHub/DL501Project/install/fine_detect/share/fine_detect/package.ps1'
[1.352s] INFO:colcon.colcon_core.shell:Creating package descriptor '/home/amejiyo/GitHub/DL501Project/install/fine_detect/share/fine_detect/package.dsv'
[1.353s] INFO:colcon.colcon_core.shell:Creating package script '/home/amejiyo/GitHub/DL501Project/install/fine_detect/share/fine_detect/package.sh'
[1.353s] INFO:colcon.colcon_core.shell:Creating package script '/home/amejiyo/GitHub/DL501Project/install/fine_detect/share/fine_detect/package.bash'
[1.354s] INFO:colcon.colcon_core.shell:Creating package script '/home/amejiyo/GitHub/DL501Project/install/fine_detect/share/fine_detect/package.zsh'
[1.355s] Level 1:colcon.colcon_core.environment:create_file_with_runtime_dependencies(/home/amejiyo/GitHub/DL501Project/install/fine_detect/share/colcon-core/packages/fine_detect)
[1.617s] DEBUG:colcon.colcon_core.event_handler.log_command:Invoked command in '/home/amejiyo/GitHub/DL501Project/build/interfaces' returned '0': CMAKE_PREFIX_PATH=${CMAKE_PREFIX_PATH}:/home/amejiyo/ros2_ws/install/py_pubsub:/home/amejiyo/ros2_ws/install/opencv_tests:/home/amejiyo/ros2_ws/install/detection:/home/amejiyo/yolobot/install/yolobot_recognition:/opt/ros/foxy /usr/bin/cmake /home/amejiyo/GitHub/DL501Project/src/interfaces -DCMAKE_INSTALL_PREFIX=/home/amejiyo/GitHub/DL501Project/install/interfaces
[1.622s] DEBUG:colcon.colcon_core.event_handler.log_command:Invoking command in '/home/amejiyo/GitHub/DL501Project/build/interfaces': CMAKE_PREFIX_PATH=${CMAKE_PREFIX_PATH}:/home/amejiyo/ros2_ws/install/py_pubsub:/home/amejiyo/ros2_ws/install/opencv_tests:/home/amejiyo/ros2_ws/install/detection:/home/amejiyo/yolobot/install/yolobot_recognition:/opt/ros/foxy /usr/bin/cmake --build /home/amejiyo/GitHub/DL501Project/build/interfaces -- -j16 -l16
[1.660s] DEBUG:colcon.colcon_core.event_handler.log_command:Invoked command in '/home/amejiyo/GitHub/DL501Project/build/interfaces' returned '0': CMAKE_PREFIX_PATH=${CMAKE_PREFIX_PATH}:/home/amejiyo/ros2_ws/install/py_pubsub:/home/amejiyo/ros2_ws/install/opencv_tests:/home/amejiyo/ros2_ws/install/detection:/home/amejiyo/yolobot/install/yolobot_recognition:/opt/ros/foxy /usr/bin/cmake --build /home/amejiyo/GitHub/DL501Project/build/interfaces -- -j16 -l16
[1.696s] DEBUG:colcon.colcon_core.event_handler.log_command:Invoking command in '/home/amejiyo/GitHub/DL501Project/build/interfaces': CMAKE_PREFIX_PATH=${CMAKE_PREFIX_PATH}:/home/amejiyo/ros2_ws/install/py_pubsub:/home/amejiyo/ros2_ws/install/opencv_tests:/home/amejiyo/ros2_ws/install/detection:/home/amejiyo/yolobot/install/yolobot_recognition:/opt/ros/foxy /usr/bin/cmake --install /home/amejiyo/GitHub/DL501Project/build/interfaces
[1.710s] Level 1:colcon.colcon_core.environment:create_environment_scripts_only(interfaces)
[1.710s] DEBUG:colcon.colcon_core.event_handler.log_command:Invoked command in '/home/amejiyo/GitHub/DL501Project/build/interfaces' returned '0': CMAKE_PREFIX_PATH=${CMAKE_PREFIX_PATH}:/home/amejiyo/ros2_ws/install/py_pubsub:/home/amejiyo/ros2_ws/install/opencv_tests:/home/amejiyo/ros2_ws/install/detection:/home/amejiyo/yolobot/install/yolobot_recognition:/opt/ros/foxy /usr/bin/cmake --install /home/amejiyo/GitHub/DL501Project/build/interfaces
[1.711s] Level 1:colcon.colcon_core.environment:checking '/home/amejiyo/GitHub/DL501Project/install/interfaces' for CMake module files
[1.712s] Level 1:colcon.colcon_core.environment:checking '/home/amejiyo/GitHub/DL501Project/install/interfaces' for CMake config files
[1.712s] Level 1:colcon.colcon_core.shell:create_environment_hook('interfaces', 'cmake_prefix_path')
[1.712s] INFO:colcon.colcon_core.shell:Creating environment hook '/home/amejiyo/GitHub/DL501Project/install/interfaces/share/interfaces/hook/cmake_prefix_path.ps1'
[1.713s] INFO:colcon.colcon_core.shell:Creating environment descriptor '/home/amejiyo/GitHub/DL501Project/install/interfaces/share/interfaces/hook/cmake_prefix_path.dsv'
[1.713s] INFO:colcon.colcon_core.shell:Creating environment hook '/home/amejiyo/GitHub/DL501Project/install/interfaces/share/interfaces/hook/cmake_prefix_path.sh'
[1.713s] Level 1:colcon.colcon_core.environment:checking '/home/amejiyo/GitHub/DL501Project/install/interfaces/bin'
[1.713s] Level 1:colcon.colcon_core.environment:checking '/home/amejiyo/GitHub/DL501Project/install/interfaces/lib/pkgconfig/interfaces.pc'
[1.714s] Level 1:colcon.colcon_core.environment:checking '/home/amejiyo/GitHub/DL501Project/install/interfaces/lib/python3.8/site-packages'
[1.714s] INFO:colcon.colcon_core.shell:Creating package script '/home/amejiyo/GitHub/DL501Project/install/interfaces/share/interfaces/package.ps1'
[1.714s] INFO:colcon.colcon_core.shell:Creating package descriptor '/home/amejiyo/GitHub/DL501Project/install/interfaces/share/interfaces/package.dsv'
[1.715s] INFO:colcon.colcon_core.shell:Creating package script '/home/amejiyo/GitHub/DL501Project/install/interfaces/share/interfaces/package.sh'
[1.715s] INFO:colcon.colcon_core.shell:Creating package script '/home/amejiyo/GitHub/DL501Project/install/interfaces/share/interfaces/package.bash'
[1.715s] INFO:colcon.colcon_core.shell:Creating package script '/home/amejiyo/GitHub/DL501Project/install/interfaces/share/interfaces/package.zsh'
[1.715s] Level 1:colcon.colcon_core.environment:create_file_with_runtime_dependencies(/home/amejiyo/GitHub/DL501Project/install/interfaces/share/colcon-core/packages/interfaces)
[1.749s] Level 1:colcon.colcon_core.environment:create_environment_scripts_only(interfaces)
[1.750s] Level 1:colcon.colcon_core.environment:checking '/home/amejiyo/GitHub/DL501Project/install/interfaces' for CMake module files
[1.750s] Level 1:colcon.colcon_core.environment:checking '/home/amejiyo/GitHub/DL501Project/install/interfaces' for CMake config files
[1.750s] Level 1:colcon.colcon_core.shell:create_environment_hook('interfaces', 'cmake_prefix_path')
[1.751s] INFO:colcon.colcon_core.shell:Creating environment hook '/home/amejiyo/GitHub/DL501Project/install/interfaces/share/interfaces/hook/cmake_prefix_path.ps1'
[1.751s] INFO:colcon.colcon_core.shell:Creating environment descriptor '/home/amejiyo/GitHub/DL501Project/install/interfaces/share/interfaces/hook/cmake_prefix_path.dsv'
[1.752s] INFO:colcon.colcon_core.shell:Creating environment hook '/home/amejiyo/GitHub/DL501Project/install/interfaces/share/interfaces/hook/cmake_prefix_path.sh'
[1.752s] Level 1:colcon.colcon_core.environment:checking '/home/amejiyo/GitHub/DL501Project/install/interfaces/bin'
[1.752s] Level 1:colcon.colcon_core.environment:checking '/home/amejiyo/GitHub/DL501Project/install/interfaces/lib/pkgconfig/interfaces.pc'
[1.752s] Level 1:colcon.colcon_core.environment:checking '/home/amejiyo/GitHub/DL501Project/install/interfaces/lib/python3.8/site-packages'
[1.753s] INFO:colcon.colcon_core.shell:Creating package script '/home/amejiyo/GitHub/DL501Project/install/interfaces/share/interfaces/package.ps1'
[1.754s] INFO:colcon.colcon_core.shell:Creating package descriptor '/home/amejiyo/GitHub/DL501Project/install/interfaces/share/interfaces/package.dsv'
[1.754s] INFO:colcon.colcon_core.shell:Creating package script '/home/amejiyo/GitHub/DL501Project/install/interfaces/share/interfaces/package.sh'
[1.755s] INFO:colcon.colcon_core.shell:Creating package script '/home/amejiyo/GitHub/DL501Project/install/interfaces/share/interfaces/package.bash'
[1.755s] INFO:colcon.colcon_core.shell:Creating package script '/home/amejiyo/GitHub/DL501Project/install/interfaces/share/interfaces/package.zsh'
[1.755s] Level 1:colcon.colcon_core.environment:create_file_with_runtime_dependencies(/home/amejiyo/GitHub/DL501Project/install/interfaces/share/colcon-core/packages/interfaces)
[1.756s] DEBUG:colcon.colcon_parallel_executor.executor.parallel:closing loop
[1.756s] DEBUG:colcon.colcon_parallel_executor.executor.parallel:loop closed
[1.756s] DEBUG:colcon.colcon_parallel_executor.executor.parallel:run_until_complete finished with '0'
[1.756s] DEBUG:colcon.colcon_core.event_reactor:joining thread
[1.765s] INFO:colcon.colcon_core.plugin_system:Skipping extension 'colcon_notification.desktop_notification.terminal_notifier': Not used on non-Darwin systems
[1.765s] INFO:colcon.colcon_core.plugin_system:Skipping extension 'colcon_notification.desktop_notification.win32': Not used on non-Windows systems
[1.765s] INFO:colcon.colcon_notification.desktop_notification:Sending desktop notification using 'notify2'
[1.791s] DEBUG:colcon.colcon_core.event_reactor:joined thread
[1.793s] INFO:colcon.colcon_core.shell:Creating prefix script '/home/amejiyo/GitHub/DL501Project/install/local_setup.ps1'
[1.795s] INFO:colcon.colcon_core.shell:Creating prefix util module '/home/amejiyo/GitHub/DL501Project/install/_local_setup_util_ps1.py'
[1.797s] INFO:colcon.colcon_core.shell:Creating prefix chain script '/home/amejiyo/GitHub/DL501Project/install/setup.ps1'
[1.799s] INFO:colcon.colcon_core.shell:Creating prefix script '/home/amejiyo/GitHub/DL501Project/install/local_setup.sh'
[1.799s] INFO:colcon.colcon_core.shell:Creating prefix util module '/home/amejiyo/GitHub/DL501Project/install/_local_setup_util_sh.py'
[1.800s] INFO:colcon.colcon_core.shell:Creating prefix chain script '/home/amejiyo/GitHub/DL501Project/install/setup.sh'
[1.801s] INFO:colcon.colcon_core.shell:Creating prefix script '/home/amejiyo/GitHub/DL501Project/install/local_setup.bash'
[1.802s] INFO:colcon.colcon_core.shell:Creating prefix chain script '/home/amejiyo/GitHub/DL501Project/install/setup.bash'
[1.803s] INFO:colcon.colcon_core.shell:Creating prefix script '/home/amejiyo/GitHub/DL501Project/install/local_setup.zsh'
[1.804s] INFO:colcon.colcon_core.shell:Creating prefix chain script '/home/amejiyo/GitHub/DL501Project/install/setup.zsh'
