[0.240s] Invoking command in '/home/amejiyo/GitHub/DL501Project/build/interfaces': CMAKE_PREFIX_PATH=${CMAKE_PREFIX_PATH}:/home/amejiyo/GitHub/DL501Project/install/fine_detect:/home/amejiyo/yolobot/install/yolobot_recognition:/home/amejiyo/ros2_ws/install/py_pubsub:/home/amejiyo/ros2_ws/install/opencv_tests:/home/amejiyo/ros2_ws/install/detection:/opt/ros/foxy /usr/bin/cmake --build /home/amejiyo/GitHub/DL501Project/build/interfaces -- -j16 -l16
[0.265s] -- Found ament_cmake: 0.9.9 (/opt/ros/foxy/share/ament_cmake/cmake)
[0.293s] -- Found PythonInterp: /usr/bin/python3 (found suitable version "3.8.10", minimum required is "3") 
[0.293s] -- Using PYTHON_EXECUTABLE: /usr/bin/python3
[0.483s] -- Found ament_lint_auto: 0.9.6 (/opt/ros/foxy/share/ament_lint_auto/cmake)
[0.593s] -- Found rosidl_default_generators: 1.0.1 (/opt/ros/foxy/share/rosidl_default_generators/cmake)
[0.597s] -- Using all available rosidl_typesupport_c: rosidl_typesupport_fastrtps_c;rosidl_typesupport_introspection_c
[0.600s] -- Found rosidl_adapter: 1.2.1 (/opt/ros/foxy/share/rosidl_adapter/cmake)
[0.728s] -- Using all available rosidl_typesupport_cpp: rosidl_typesupport_fastrtps_cpp;rosidl_typesupport_introspection_cpp
[0.776s] -- Found PythonInterp: /usr/bin/python3 (found version "3.8.10") 
[0.914s] CMake Error at /opt/ros/foxy/share/rosidl_adapter/cmake/rosidl_adapt_interfaces.cmake:60 (message):
[0.914s]   execute_process(/usr/bin/python3 -m rosidl_adapter --package-name
[0.914s]   interfaces --arguments-file
[0.914s]   /home/amejiyo/GitHub/DL501Project/build/interfaces/rosidl_adapter__arguments__interfaces.json
[0.915s]   --output-dir
[0.915s]   /home/amejiyo/GitHub/DL501Project/build/interfaces/rosidl_adapter/interfaces
[0.915s]   --output-file
[0.915s]   /home/amejiyo/GitHub/DL501Project/build/interfaces/rosidl_adapter/interfaces.idls)
[0.915s]   returned error code 1:
[0.915s] 
[0.915s]   Error processing 'int64 timeStamp' of 'interfaces/Detect': ''timeStamp' is
[0.915s]   an invalid field name.  It should have the pattern
[0.916s]   '^(?!.*__)(?!.*_$)[a-z][a-z0-9_]*$''
[0.916s] 
[0.916s]   Traceback (most recent call last):
[0.916s] 
[0.916s]     File "/usr/lib/python3.8/runpy.py", line 194, in _run_module_as_main
[0.916s]       return _run_code(code, main_globals, None,
[0.917s]     File "/usr/lib/python3.8/runpy.py", line 87, in _run_code
[0.917s]       exec(code, run_globals)
[0.917s]     File "/opt/ros/foxy/lib/python3.8/site-packages/rosidl_adapter/__main__.py", line 19, in <module>
[0.917s]       sys.exit(main())
[0.917s]     File "/opt/ros/foxy/lib/python3.8/site-packages/rosidl_adapter/main.py", line 53, in main
[0.917s]       abs_idl_file = convert_to_idl(
[0.917s]     File "/opt/ros/foxy/lib/python3.8/site-packages/rosidl_adapter/__init__.py", line 19, in convert_to_idl
[0.917s]       return convert_msg_to_idl(
[0.917s]     File "/opt/ros/foxy/lib/python3.8/site-packages/rosidl_adapter/msg/__init__.py", line 28, in convert_msg_to_idl
[0.918s]       msg = parse_message_string(package_name, input_file.stem, content)
[0.918s]     File "/opt/ros/foxy/lib/python3.8/site-packages/rosidl_adapter/parser.py", line 515, in parse_message_string
[0.918s]       fields.append(Field(
[0.918s]     File "/opt/ros/foxy/lib/python3.8/site-packages/rosidl_adapter/parser.py", line 353, in __init__
[0.918s]       raise NameError(
[0.918s] 
[0.918s]   NameError: 'timeStamp' is an invalid field name.  It should have the
[0.918s]   pattern '^(?!.*__)(?!.*_$)[a-z][a-z0-9_]*$'
[0.918s] 
[0.918s] Call Stack (most recent call first):
[0.918s]   /opt/ros/foxy/share/rosidl_cmake/cmake/rosidl_generate_interfaces.cmake:130 (rosidl_adapt_interfaces)
[0.919s]   CMakeLists.txt:38 (rosidl_generate_interfaces)
[0.919s] 
[0.919s] 
[0.919s] -- Configuring incomplete, errors occurred!
[0.919s] See also "/home/amejiyo/GitHub/DL501Project/build/interfaces/CMakeFiles/CMakeOutput.log".
[0.927s] make: *** [Makefile:222: cmake_check_build_system] Error 1
[0.946s] Invoked command in '/home/amejiyo/GitHub/DL501Project/build/interfaces' returned '2': CMAKE_PREFIX_PATH=${CMAKE_PREFIX_PATH}:/home/amejiyo/GitHub/DL501Project/install/fine_detect:/home/amejiyo/yolobot/install/yolobot_recognition:/home/amejiyo/ros2_ws/install/py_pubsub:/home/amejiyo/ros2_ws/install/opencv_tests:/home/amejiyo/ros2_ws/install/detection:/opt/ros/foxy /usr/bin/cmake --build /home/amejiyo/GitHub/DL501Project/build/interfaces -- -j16 -l16
