[0.235s] Invoking command in '/home/amejiyo/GitHub/DL501Project/build/interfaces': CMAKE_PREFIX_PATH=${CMAKE_PREFIX_PATH}:/home/amejiyo/GitHub/DL501Project/install/fine_detect:/home/amejiyo/yolobot/install/yolobot_recognition:/home/amejiyo/ros2_ws/install/py_pubsub:/home/amejiyo/ros2_ws/install/opencv_tests:/home/amejiyo/ros2_ws/install/detection:/opt/ros/foxy /usr/bin/cmake --build /home/amejiyo/GitHub/DL501Project/build/interfaces -- -j16 -l16
[0.293s] [  3%] Built target interfaces__cpp
[0.298s] [ 12%] Built target interfaces__rosidl_generator_c
[0.316s] [ 22%] Built target interfaces__rosidl_typesupport_introspection_cpp
[0.320s] [ 41%] Built target interfaces__rosidl_typesupport_fastrtps_cpp
[0.320s] [ 41%] Built target interfaces__rosidl_typesupport_cpp
[0.324s] [ 51%] Built target interfaces__rosidl_typesupport_c
[0.326s] [ 61%] Built target interfaces__rosidl_typesupport_introspection_c
[0.346s] [ 70%] Built target interfaces__rosidl_typesupport_fastrtps_c
[0.373s] [ 70%] Built target interfaces
[0.401s] [ 74%] Built target interfaces__py
[0.430s] [ 80%] Built target interfaces__python
[0.460s] [ 87%] Built target interfaces__rosidl_typesupport_fastrtps_c__pyext
[0.463s] [ 93%] Built target interfaces__rosidl_typesupport_introspection_c__pyext
[0.469s] [100%] Built target interfaces__rosidl_typesupport_c__pyext
[0.484s] Invoked command in '/home/amejiyo/GitHub/DL501Project/build/interfaces' returned '0': CMAKE_PREFIX_PATH=${CMAKE_PREFIX_PATH}:/home/amejiyo/GitHub/DL501Project/install/fine_detect:/home/amejiyo/yolobot/install/yolobot_recognition:/home/amejiyo/ros2_ws/install/py_pubsub:/home/amejiyo/ros2_ws/install/opencv_tests:/home/amejiyo/ros2_ws/install/detection:/opt/ros/foxy /usr/bin/cmake --build /home/amejiyo/GitHub/DL501Project/build/interfaces -- -j16 -l16
[0.552s] Invoking command in '/home/amejiyo/GitHub/DL501Project/build/interfaces': CMAKE_PREFIX_PATH=${CMAKE_PREFIX_PATH}:/home/amejiyo/GitHub/DL501Project/install/fine_detect:/home/amejiyo/yolobot/install/yolobot_recognition:/home/amejiyo/ros2_ws/install/py_pubsub:/home/amejiyo/ros2_ws/install/opencv_tests:/home/amejiyo/ros2_ws/install/detection:/opt/ros/foxy /usr/bin/cmake --install /home/amejiyo/GitHub/DL501Project/build/interfaces
[0.561s] -- Install configuration: ""
[0.562s] -- Up-to-date: /home/amejiyo/GitHub/DL501Project/install/interfaces/share/ament_index/resource_index/rosidl_interfaces/interfaces
[0.562s] -- Up-to-date: /home/amejiyo/GitHub/DL501Project/install/interfaces/include/interfaces
[0.562s] -- Up-to-date: /home/amejiyo/GitHub/DL501Project/install/interfaces/include/interfaces/msg
[0.562s] -- Up-to-date: /home/amejiyo/GitHub/DL501Project/install/interfaces/include/interfaces/msg/rosidl_generator_c__visibility_control.h
[0.562s] -- Up-to-date: /home/amejiyo/GitHub/DL501Project/install/interfaces/include/interfaces/msg/detect.h
[0.562s] -- Up-to-date: /home/amejiyo/GitHub/DL501Project/install/interfaces/include/interfaces/msg/detail
[0.562s] -- Up-to-date: /home/amejiyo/GitHub/DL501Project/install/interfaces/include/interfaces/msg/detail/detect__type_support.h
[0.562s] -- Up-to-date: /home/amejiyo/GitHub/DL501Project/install/interfaces/include/interfaces/msg/detail/detect__functions.h
[0.562s] -- Up-to-date: /home/amejiyo/GitHub/DL501Project/install/interfaces/include/interfaces/msg/detail/detect__functions.c
[0.562s] -- Up-to-date: /home/amejiyo/GitHub/DL501Project/install/interfaces/include/interfaces/msg/detail/detect__struct.h
[0.562s] -- Up-to-date: /home/amejiyo/GitHub/DL501Project/install/interfaces/share/interfaces/environment/library_path.sh
[0.562s] -- Up-to-date: /home/amejiyo/GitHub/DL501Project/install/interfaces/share/interfaces/environment/library_path.dsv
[0.562s] -- Up-to-date: /home/amejiyo/GitHub/DL501Project/install/interfaces/lib/libinterfaces__rosidl_generator_c.so
[0.562s] -- Up-to-date: /home/amejiyo/GitHub/DL501Project/install/interfaces/include/interfaces
[0.562s] -- Up-to-date: /home/amejiyo/GitHub/DL501Project/install/interfaces/include/interfaces/msg
[0.562s] -- Up-to-date: /home/amejiyo/GitHub/DL501Project/install/interfaces/include/interfaces/msg/detail
[0.563s] -- Up-to-date: /home/amejiyo/GitHub/DL501Project/install/interfaces/include/interfaces/msg/detail/detect__rosidl_typesupport_fastrtps_c.h
[0.563s] -- Up-to-date: /home/amejiyo/GitHub/DL501Project/install/interfaces/include/interfaces/msg/rosidl_typesupport_fastrtps_c__visibility_control.h
[0.563s] -- Up-to-date: /home/amejiyo/GitHub/DL501Project/install/interfaces/lib/libinterfaces__rosidl_typesupport_fastrtps_c.so
[0.563s] -- Up-to-date: /home/amejiyo/GitHub/DL501Project/install/interfaces/include/interfaces
[0.563s] -- Up-to-date: /home/amejiyo/GitHub/DL501Project/install/interfaces/include/interfaces/msg
[0.563s] -- Up-to-date: /home/amejiyo/GitHub/DL501Project/install/interfaces/include/interfaces/msg/detail
[0.563s] -- Up-to-date: /home/amejiyo/GitHub/DL501Project/install/interfaces/include/interfaces/msg/detail/dds_fastrtps
[0.563s] -- Up-to-date: /home/amejiyo/GitHub/DL501Project/install/interfaces/include/interfaces/msg/detail/detect__rosidl_typesupport_fastrtps_cpp.hpp
[0.563s] -- Up-to-date: /home/amejiyo/GitHub/DL501Project/install/interfaces/include/interfaces/msg/rosidl_typesupport_fastrtps_cpp__visibility_control.h
[0.563s] -- Up-to-date: /home/amejiyo/GitHub/DL501Project/install/interfaces/lib/libinterfaces__rosidl_typesupport_fastrtps_cpp.so
[0.563s] -- Up-to-date: /home/amejiyo/GitHub/DL501Project/install/interfaces/include/interfaces
[0.563s] -- Up-to-date: /home/amejiyo/GitHub/DL501Project/install/interfaces/include/interfaces/msg
[0.564s] -- Up-to-date: /home/amejiyo/GitHub/DL501Project/install/interfaces/include/interfaces/msg/detail
[0.564s] -- Up-to-date: /home/amejiyo/GitHub/DL501Project/install/interfaces/include/interfaces/msg/detail/detect__rosidl_typesupport_introspection_c.h
[0.564s] -- Up-to-date: /home/amejiyo/GitHub/DL501Project/install/interfaces/include/interfaces/msg/detail/detect__type_support.c
[0.564s] -- Up-to-date: /home/amejiyo/GitHub/DL501Project/install/interfaces/include/interfaces/msg/rosidl_typesupport_introspection_c__visibility_control.h
[0.564s] -- Up-to-date: /home/amejiyo/GitHub/DL501Project/install/interfaces/lib/libinterfaces__rosidl_typesupport_introspection_c.so
[0.564s] -- Up-to-date: /home/amejiyo/GitHub/DL501Project/install/interfaces/lib/libinterfaces__rosidl_typesupport_c.so
[0.564s] -- Up-to-date: /home/amejiyo/GitHub/DL501Project/install/interfaces/include/interfaces
[0.564s] -- Up-to-date: /home/amejiyo/GitHub/DL501Project/install/interfaces/include/interfaces/msg
[0.564s] -- Up-to-date: /home/amejiyo/GitHub/DL501Project/install/interfaces/include/interfaces/msg/detail
[0.564s] -- Up-to-date: /home/amejiyo/GitHub/DL501Project/install/interfaces/include/interfaces/msg/detail/detect__traits.hpp
[0.564s] -- Up-to-date: /home/amejiyo/GitHub/DL501Project/install/interfaces/include/interfaces/msg/detail/detect__struct.hpp
[0.564s] -- Up-to-date: /home/amejiyo/GitHub/DL501Project/install/interfaces/include/interfaces/msg/detail/detect__builder.hpp
[0.564s] -- Up-to-date: /home/amejiyo/GitHub/DL501Project/install/interfaces/include/interfaces/msg/detect.hpp
[0.564s] -- Up-to-date: /home/amejiyo/GitHub/DL501Project/install/interfaces/include/interfaces
[0.564s] -- Up-to-date: /home/amejiyo/GitHub/DL501Project/install/interfaces/include/interfaces/msg
[0.564s] -- Up-to-date: /home/amejiyo/GitHub/DL501Project/install/interfaces/include/interfaces/msg/detail
[0.564s] -- Up-to-date: /home/amejiyo/GitHub/DL501Project/install/interfaces/include/interfaces/msg/detail/detect__type_support.cpp
[0.564s] -- Up-to-date: /home/amejiyo/GitHub/DL501Project/install/interfaces/include/interfaces/msg/detail/detect__rosidl_typesupport_introspection_cpp.hpp
[0.565s] -- Up-to-date: /home/amejiyo/GitHub/DL501Project/install/interfaces/lib/libinterfaces__rosidl_typesupport_introspection_cpp.so
[0.565s] -- Up-to-date: /home/amejiyo/GitHub/DL501Project/install/interfaces/lib/libinterfaces__rosidl_typesupport_cpp.so
[0.565s] -- Up-to-date: /home/amejiyo/GitHub/DL501Project/install/interfaces/share/interfaces/environment/pythonpath.sh
[0.565s] -- Up-to-date: /home/amejiyo/GitHub/DL501Project/install/interfaces/share/interfaces/environment/pythonpath.dsv
[0.565s] -- Up-to-date: /home/amejiyo/GitHub/DL501Project/install/interfaces/lib/python3.8/site-packages/interfaces/__init__.py
[0.601s] -- Up-to-date: /home/amejiyo/GitHub/DL501Project/install/interfaces/lib/python3.8/site-packages/interfaces/msg
[0.601s] -- Up-to-date: /home/amejiyo/GitHub/DL501Project/install/interfaces/lib/python3.8/site-packages/interfaces/msg/_detect_s.c
[0.601s] -- Up-to-date: /home/amejiyo/GitHub/DL501Project/install/interfaces/lib/python3.8/site-packages/interfaces/msg/__init__.py
[0.601s] -- Up-to-date: /home/amejiyo/GitHub/DL501Project/install/interfaces/lib/python3.8/site-packages/interfaces/msg/_detect.py
[0.602s] -- Up-to-date: /home/amejiyo/GitHub/DL501Project/install/interfaces/lib/python3.8/site-packages/interfaces/interfaces_s__rosidl_typesupport_fastrtps_c.cpython-38-x86_64-linux-gnu.so
[0.602s] -- Up-to-date: /home/amejiyo/GitHub/DL501Project/install/interfaces/lib/python3.8/site-packages/interfaces/interfaces_s__rosidl_typesupport_introspection_c.cpython-38-x86_64-linux-gnu.so
[0.603s] -- Up-to-date: /home/amejiyo/GitHub/DL501Project/install/interfaces/lib/python3.8/site-packages/interfaces/interfaces_s__rosidl_typesupport_c.cpython-38-x86_64-linux-gnu.so
[0.604s] -- Up-to-date: /home/amejiyo/GitHub/DL501Project/install/interfaces/lib/libinterfaces__python.so
[0.605s] -- Up-to-date: /home/amejiyo/GitHub/DL501Project/install/interfaces/share/interfaces/msg/Detect.idl
[0.606s] -- Up-to-date: /home/amejiyo/GitHub/DL501Project/install/interfaces/share/interfaces/msg/Detect.msg
[0.606s] -- Up-to-date: /home/amejiyo/GitHub/DL501Project/install/interfaces/share/ament_index/resource_index/package_run_dependencies/interfaces
[0.606s] -- Up-to-date: /home/amejiyo/GitHub/DL501Project/install/interfaces/share/ament_index/resource_index/parent_prefix_path/interfaces
[0.606s] -- Up-to-date: /home/amejiyo/GitHub/DL501Project/install/interfaces/share/interfaces/environment/ament_prefix_path.sh
[0.606s] -- Up-to-date: /home/amejiyo/GitHub/DL501Project/install/interfaces/share/interfaces/environment/ament_prefix_path.dsv
[0.607s] -- Up-to-date: /home/amejiyo/GitHub/DL501Project/install/interfaces/share/interfaces/environment/path.sh
[0.607s] -- Up-to-date: /home/amejiyo/GitHub/DL501Project/install/interfaces/share/interfaces/environment/path.dsv
[0.607s] -- Up-to-date: /home/amejiyo/GitHub/DL501Project/install/interfaces/share/interfaces/local_setup.bash
[0.607s] -- Up-to-date: /home/amejiyo/GitHub/DL501Project/install/interfaces/share/interfaces/local_setup.sh
[0.607s] -- Up-to-date: /home/amejiyo/GitHub/DL501Project/install/interfaces/share/interfaces/local_setup.zsh
[0.607s] -- Up-to-date: /home/amejiyo/GitHub/DL501Project/install/interfaces/share/interfaces/local_setup.dsv
[0.607s] -- Installing: /home/amejiyo/GitHub/DL501Project/install/interfaces/share/interfaces/package.dsv
[0.607s] -- Up-to-date: /home/amejiyo/GitHub/DL501Project/install/interfaces/share/ament_index/resource_index/packages/interfaces
[0.607s] -- Up-to-date: /home/amejiyo/GitHub/DL501Project/install/interfaces/share/interfaces/cmake/interfaces__rosidl_generator_cExport.cmake
[0.608s] -- Up-to-date: /home/amejiyo/GitHub/DL501Project/install/interfaces/share/interfaces/cmake/interfaces__rosidl_generator_cExport-noconfig.cmake
[0.608s] -- Up-to-date: /home/amejiyo/GitHub/DL501Project/install/interfaces/share/interfaces/cmake/interfaces__rosidl_typesupport_introspection_cExport.cmake
[0.608s] -- Up-to-date: /home/amejiyo/GitHub/DL501Project/install/interfaces/share/interfaces/cmake/interfaces__rosidl_typesupport_introspection_cExport-noconfig.cmake
[0.608s] -- Up-to-date: /home/amejiyo/GitHub/DL501Project/install/interfaces/share/interfaces/cmake/interfaces__rosidl_typesupport_cExport.cmake
[0.608s] -- Up-to-date: /home/amejiyo/GitHub/DL501Project/install/interfaces/share/interfaces/cmake/interfaces__rosidl_typesupport_cExport-noconfig.cmake
[0.609s] -- Up-to-date: /home/amejiyo/GitHub/DL501Project/install/interfaces/share/interfaces/cmake/interfaces__rosidl_generator_cppExport.cmake
[0.609s] -- Up-to-date: /home/amejiyo/GitHub/DL501Project/install/interfaces/share/interfaces/cmake/interfaces__rosidl_typesupport_introspection_cppExport.cmake
[0.609s] -- Up-to-date: /home/amejiyo/GitHub/DL501Project/install/interfaces/share/interfaces/cmake/interfaces__rosidl_typesupport_introspection_cppExport-noconfig.cmake
[0.609s] -- Up-to-date: /home/amejiyo/GitHub/DL501Project/install/interfaces/share/interfaces/cmake/interfaces__rosidl_typesupport_cppExport.cmake
[0.609s] -- Up-to-date: /home/amejiyo/GitHub/DL501Project/install/interfaces/share/interfaces/cmake/interfaces__rosidl_typesupport_cppExport-noconfig.cmake
[0.609s] -- Up-to-date: /home/amejiyo/GitHub/DL501Project/install/interfaces/share/interfaces/cmake/rosidl_cmake-extras.cmake
[0.610s] -- Up-to-date: /home/amejiyo/GitHub/DL501Project/install/interfaces/share/interfaces/cmake/ament_cmake_export_dependencies-extras.cmake
[0.610s] -- Up-to-date: /home/amejiyo/GitHub/DL501Project/install/interfaces/share/interfaces/cmake/ament_cmake_export_libraries-extras.cmake
[0.610s] -- Up-to-date: /home/amejiyo/GitHub/DL501Project/install/interfaces/share/interfaces/cmake/ament_cmake_export_targets-extras.cmake
[0.610s] -- Up-to-date: /home/amejiyo/GitHub/DL501Project/install/interfaces/share/interfaces/cmake/ament_cmake_export_include_directories-extras.cmake
[0.610s] -- Up-to-date: /home/amejiyo/GitHub/DL501Project/install/interfaces/share/interfaces/cmake/rosidl_cmake_export_typesupport_libraries-extras.cmake
[0.610s] -- Up-to-date: /home/amejiyo/GitHub/DL501Project/install/interfaces/share/interfaces/cmake/rosidl_cmake_export_typesupport_targets-extras.cmake
[0.610s] -- Up-to-date: /home/amejiyo/GitHub/DL501Project/install/interfaces/share/interfaces/cmake/interfacesConfig.cmake
[0.610s] -- Up-to-date: /home/amejiyo/GitHub/DL501Project/install/interfaces/share/interfaces/cmake/interfacesConfig-version.cmake
[0.610s] -- Up-to-date: /home/amejiyo/GitHub/DL501Project/install/interfaces/share/interfaces/package.xml
[0.613s] Invoked command in '/home/amejiyo/GitHub/DL501Project/build/interfaces' returned '0': CMAKE_PREFIX_PATH=${CMAKE_PREFIX_PATH}:/home/amejiyo/GitHub/DL501Project/install/fine_detect:/home/amejiyo/yolobot/install/yolobot_recognition:/home/amejiyo/ros2_ws/install/py_pubsub:/home/amejiyo/ros2_ws/install/opencv_tests:/home/amejiyo/ros2_ws/install/detection:/opt/ros/foxy /usr/bin/cmake --install /home/amejiyo/GitHub/DL501Project/build/interfaces
