running egg_info
creating ../../build/fine_detect/fine_detect.egg-info
writing ../../build/fine_detect/fine_detect.egg-info/PKG-INFO
writing dependency_links to ../../build/fine_detect/fine_detect.egg-info/dependency_links.txt
writing entry points to ../../build/fine_detect/fine_detect.egg-info/entry_points.txt
writing requirements to ../../build/fine_detect/fine_detect.egg-info/requires.txt
writing top-level names to ../../build/fine_detect/fine_detect.egg-info/top_level.txt
writing manifest file '../../build/fine_detect/fine_detect.egg-info/SOURCES.txt'
reading manifest file '../../build/fine_detect/fine_detect.egg-info/SOURCES.txt'
writing manifest file '../../build/fine_detect/fine_detect.egg-info/SOURCES.txt'
running build
running build_py
creating /home/amejiyo/GitHub/DL501Project/build/fine_detect/build
creating /home/amejiyo/GitHub/DL501Project/build/fine_detect/build/lib
creating /home/amejiyo/GitHub/DL501Project/build/fine_detect/build/lib/fine_detect
copying fine_detect/fine_dect.py -> /home/amejiyo/GitHub/DL501Project/build/fine_detect/build/lib/fine_detect
copying fine_detect/__init__.py -> /home/amejiyo/GitHub/DL501Project/build/fine_detect/build/lib/fine_detect
running install
running install_lib
creating /home/amejiyo/GitHub/DL501Project/install/fine_detect/lib/python3.8/site-packages/fine_detect
copying /home/amejiyo/GitHub/DL501Project/build/fine_detect/build/lib/fine_detect/fine_dect.py -> /home/amejiyo/GitHub/DL501Project/install/fine_detect/lib/python3.8/site-packages/fine_detect
copying /home/amejiyo/GitHub/DL501Project/build/fine_detect/build/lib/fine_detect/__init__.py -> /home/amejiyo/GitHub/DL501Project/install/fine_detect/lib/python3.8/site-packages/fine_detect
byte-compiling /home/amejiyo/GitHub/DL501Project/install/fine_detect/lib/python3.8/site-packages/fine_detect/fine_dect.py to fine_dect.cpython-38.pyc
byte-compiling /home/amejiyo/GitHub/DL501Project/install/fine_detect/lib/python3.8/site-packages/fine_detect/__init__.py to __init__.cpython-38.pyc
running install_data
creating /home/amejiyo/GitHub/DL501Project/install/fine_detect/share/ament_index
creating /home/amejiyo/GitHub/DL501Project/install/fine_detect/share/ament_index/resource_index
creating /home/amejiyo/GitHub/DL501Project/install/fine_detect/share/ament_index/resource_index/packages
copying resource/fine_detect -> /home/amejiyo/GitHub/DL501Project/install/fine_detect/share/ament_index/resource_index/packages
copying package.xml -> /home/amejiyo/GitHub/DL501Project/install/fine_detect/share/fine_detect
running install_egg_info
Copying ../../build/fine_detect/fine_detect.egg-info to /home/amejiyo/GitHub/DL501Project/install/fine_detect/lib/python3.8/site-packages/fine_detect-0.0.0-py3.8.egg-info
running install_scripts
writing list of installed files to '/home/amejiyo/GitHub/DL501Project/build/fine_detect/install.log'
