[0.248s] Invoking command in '/home/amejiyo/GitHub/DL501Project/build/interfaces': CMAKE_PREFIX_PATH=${CMAKE_PREFIX_PATH}:/home/amejiyo/GitHub/DL501Project/install/fine_detect:/home/amejiyo/yolobot/install/yolobot_recognition:/home/amejiyo/ros2_ws/install/py_pubsub:/home/amejiyo/ros2_ws/install/opencv_tests:/home/amejiyo/ros2_ws/install/detection:/opt/ros/foxy /usr/bin/cmake --build /home/amejiyo/GitHub/DL501Project/build/interfaces -- -j16 -l16
[0.284s] -- Found ament_cmake: 0.9.9 (/opt/ros/foxy/share/ament_cmake/cmake)
[0.310s] -- Found PythonInterp: /usr/bin/python3 (found suitable version "3.8.10", minimum required is "3") 
[0.310s] -- Using PYTHON_EXECUTABLE: /usr/bin/python3
[0.495s] -- Found ament_lint_auto: 0.9.6 (/opt/ros/foxy/share/ament_lint_auto/cmake)
[0.605s] -- Found rosidl_default_generators: 1.0.1 (/opt/ros/foxy/share/rosidl_default_generators/cmake)
[0.610s] -- Using all available rosidl_typesupport_c: rosidl_typesupport_fastrtps_c;rosidl_typesupport_introspection_c
[0.613s] -- Found rosidl_adapter: 1.2.1 (/opt/ros/foxy/share/rosidl_adapter/cmake)
[0.743s] -- Using all available rosidl_typesupport_cpp: rosidl_typesupport_fastrtps_cpp;rosidl_typesupport_introspection_cpp
[0.791s] -- Found PythonInterp: /usr/bin/python3 (found version "3.8.10") 
[0.860s] -- Found ament_cmake_ros: 0.9.2 (/opt/ros/foxy/share/ament_cmake_ros/cmake)
[0.974s] -- Using all available rosidl_typesupport_c: rosidl_typesupport_fastrtps_c;rosidl_typesupport_introspection_c
[0.982s] -- Using all available rosidl_typesupport_cpp: rosidl_typesupport_fastrtps_cpp;rosidl_typesupport_introspection_cpp
[1.012s] -- Found PythonInterp: /usr/bin/python3 (found suitable version "3.8.10", minimum required is "3.5") 
[1.018s] -- Found python_cmake_module: 0.8.1 (/opt/ros/foxy/share/python_cmake_module/cmake)
[1.053s] -- Found PythonLibs: /usr/lib/x86_64-linux-gnu/libpython3.8.so (found suitable version "3.8.10", minimum required is "3.5") 
[1.054s] -- Using PYTHON_EXECUTABLE: /usr/bin/python3
[1.054s] -- Using PYTHON_INCLUDE_DIRS: /usr/include/python3.8
[1.054s] -- Using PYTHON_LIBRARIES: /usr/lib/x86_64-linux-gnu/libpython3.8.so
[1.078s] -- Found PythonExtra: .so  
[1.134s] -- Added test 'copyright' to check source files copyright and LICENSE
[1.136s] -- Added test 'lint_cmake' to check CMake code style
[1.138s] -- Added test 'xmllint' to check XML markup files
[1.146s] -- Configuring done
[1.172s] -- Generating done
[1.174s] -- Build files have been written to: /home/amejiyo/GitHub/DL501Project/build/interfaces
[1.199s] [35m[1mScanning dependencies of target interfaces__cpp[0m
[1.206s] [  3%] [34m[1mGenerating C code for ROS interfaces[0m
[1.211s] [  6%] [34m[1mGenerating C++ code for ROS interfaces[0m
[1.427s] [35m[1mScanning dependencies of target interfaces__rosidl_generator_c[0m
[1.429s] [  6%] Built target interfaces__cpp
[1.439s] [ 16%] [32mBuilding C object CMakeFiles/interfaces__rosidl_generator_c.dir/rosidl_generator_c/interfaces/msg/detail/detect__functions.c.o[0m
[1.440s] [ 16%] [34m[1mGenerating C++ type support for eProsima Fast-RTPS[0m
[1.440s] [ 16%] [34m[1mGenerating C++ introspection for ROS interfaces[0m
[1.441s] [ 19%] [34m[1mGenerating C++ type support dispatch for ROS interfaces[0m
[1.526s] [ 22%] [32m[1mLinking C shared library libinterfaces__rosidl_generator_c.so[0m
[1.570s] [ 22%] Built target interfaces__rosidl_generator_c
[1.580s] [ 25%] [34m[1mGenerating C introspection for ROS interfaces[0m
[1.584s] [ 29%] [34m[1mGenerating C type support dispatch for ROS interfaces[0m
[1.649s] [35m[1mScanning dependencies of target interfaces__rosidl_typesupport_cpp[0m
[1.663s] [35m[1mScanning dependencies of target interfaces__rosidl_typesupport_introspection_cpp[0m
[1.668s] [ 32%] [32mBuilding CXX object CMakeFiles/interfaces__rosidl_typesupport_cpp.dir/rosidl_typesupport_cpp/interfaces/msg/detect__type_support.cpp.o[0m
[1.676s] [ 35%] [32mBuilding CXX object CMakeFiles/interfaces__rosidl_typesupport_introspection_cpp.dir/rosidl_typesupport_introspection_cpp/interfaces/msg/detail/detect__type_support.cpp.o[0m
[1.677s] [35m[1mScanning dependencies of target interfaces__rosidl_typesupport_fastrtps_cpp[0m
[1.694s] [ 38%] [32mBuilding CXX object CMakeFiles/interfaces__rosidl_typesupport_fastrtps_cpp.dir/rosidl_typesupport_fastrtps_cpp/interfaces/msg/detail/dds_fastrtps/detect__type_support.cpp.o[0m
[1.805s] [35m[1mScanning dependencies of target interfaces__rosidl_typesupport_introspection_c[0m
[1.805s] [35m[1mScanning dependencies of target interfaces__rosidl_typesupport_c[0m
[1.817s] [ 45%] [32mBuilding CXX object CMakeFiles/interfaces__rosidl_typesupport_c.dir/rosidl_typesupport_c/interfaces/msg/detect__type_support.cpp.o[0m
[1.817s] [ 45%] [32mBuilding C object CMakeFiles/interfaces__rosidl_typesupport_introspection_c.dir/rosidl_typesupport_introspection_c/interfaces/msg/detail/detect__type_support.c.o[0m
[1.847s] [ 48%] [32m[1mLinking C shared library libinterfaces__rosidl_typesupport_introspection_c.so[0m
[1.855s] [ 51%] [32m[1mLinking CXX shared library libinterfaces__rosidl_typesupport_c.so[0m
[1.876s] [ 51%] Built target interfaces__rosidl_typesupport_introspection_c
[1.892s] [ 51%] Built target interfaces__rosidl_typesupport_c
[1.909s] [ 54%] [32m[1mLinking CXX shared library libinterfaces__rosidl_typesupport_cpp.so[0m
[1.945s] [ 58%] [32m[1mLinking CXX shared library libinterfaces__rosidl_typesupport_introspection_cpp.so[0m
[1.956s] [ 58%] Built target interfaces__rosidl_typesupport_cpp
[1.991s] [ 58%] Built target interfaces__rosidl_typesupport_introspection_cpp
[2.024s] [ 61%] [32m[1mLinking CXX shared library libinterfaces__rosidl_typesupport_fastrtps_cpp.so[0m
[2.128s] [ 61%] Built target interfaces__rosidl_typesupport_fastrtps_cpp
[2.138s] [ 64%] [34m[1mGenerating C type support for eProsima Fast-RTPS[0m
[2.362s] [35m[1mScanning dependencies of target interfaces__rosidl_typesupport_fastrtps_c[0m
[2.381s] [ 67%] [32mBuilding CXX object CMakeFiles/interfaces__rosidl_typesupport_fastrtps_c.dir/rosidl_typesupport_fastrtps_c/interfaces/msg/detail/detect__type_support_c.cpp.o[0m
[2.587s] [ 70%] [32m[1mLinking CXX shared library libinterfaces__rosidl_typesupport_fastrtps_c.so[0m
[2.689s] [ 70%] Built target interfaces__rosidl_typesupport_fastrtps_c
[2.703s] [35m[1mScanning dependencies of target interfaces[0m
[2.718s] [ 70%] Built target interfaces
[2.734s] [35m[1mScanning dependencies of target interfaces__py[0m
[2.746s] [ 74%] [34m[1mGenerating Python code for ROS interfaces[0m
[3.073s] [ 74%] Built target interfaces__py
[3.086s] [35m[1mScanning dependencies of target interfaces__python[0m
[3.122s] [ 77%] [32mBuilding C object CMakeFiles/interfaces__python.dir/rosidl_generator_py/interfaces/msg/_detect_s.c.o[0m
[3.199s] [ 80%] [32m[1mLinking C shared library rosidl_generator_py/interfaces/libinterfaces__python.so[0m
[3.258s] [ 80%] Built target interfaces__python
[3.269s] [35m[1mScanning dependencies of target interfaces__rosidl_typesupport_c__pyext[0m
[3.271s] [35m[1mScanning dependencies of target interfaces__rosidl_typesupport_introspection_c__pyext[0m
[3.271s] [35m[1mScanning dependencies of target interfaces__rosidl_typesupport_fastrtps_c__pyext[0m
[3.284s] [ 83%] [32mBuilding C object CMakeFiles/interfaces__rosidl_typesupport_c__pyext.dir/rosidl_generator_py/interfaces/_interfaces_s.ep.rosidl_typesupport_c.c.o[0m
[3.287s] [ 87%] [32mBuilding C object CMakeFiles/interfaces__rosidl_typesupport_fastrtps_c__pyext.dir/rosidl_generator_py/interfaces/_interfaces_s.ep.rosidl_typesupport_fastrtps_c.c.o[0m
[3.290s] [ 90%] [32mBuilding C object CMakeFiles/interfaces__rosidl_typesupport_introspection_c__pyext.dir/rosidl_generator_py/interfaces/_interfaces_s.ep.rosidl_typesupport_introspection_c.c.o[0m
[3.352s] [ 93%] [32m[1mLinking CXX shared library rosidl_generator_py/interfaces/interfaces_s__rosidl_typesupport_fastrtps_c.cpython-38-x86_64-linux-gnu.so[0m
[3.352s] [ 96%] [32m[1mLinking C shared library rosidl_generator_py/interfaces/interfaces_s__rosidl_typesupport_introspection_c.cpython-38-x86_64-linux-gnu.so[0m
[3.353s] [100%] [32m[1mLinking C shared library rosidl_generator_py/interfaces/interfaces_s__rosidl_typesupport_c.cpython-38-x86_64-linux-gnu.so[0m
[3.383s] [100%] Built target interfaces__rosidl_typesupport_introspection_c__pyext
[3.385s] [100%] Built target interfaces__rosidl_typesupport_c__pyext
[3.417s] [100%] Built target interfaces__rosidl_typesupport_fastrtps_c__pyext
[3.434s] Invoked command in '/home/amejiyo/GitHub/DL501Project/build/interfaces' returned '0': CMAKE_PREFIX_PATH=${CMAKE_PREFIX_PATH}:/home/amejiyo/GitHub/DL501Project/install/fine_detect:/home/amejiyo/yolobot/install/yolobot_recognition:/home/amejiyo/ros2_ws/install/py_pubsub:/home/amejiyo/ros2_ws/install/opencv_tests:/home/amejiyo/ros2_ws/install/detection:/opt/ros/foxy /usr/bin/cmake --build /home/amejiyo/GitHub/DL501Project/build/interfaces -- -j16 -l16
[3.500s] Invoking command in '/home/amejiyo/GitHub/DL501Project/build/interfaces': CMAKE_PREFIX_PATH=${CMAKE_PREFIX_PATH}:/home/amejiyo/GitHub/DL501Project/install/fine_detect:/home/amejiyo/yolobot/install/yolobot_recognition:/home/amejiyo/ros2_ws/install/py_pubsub:/home/amejiyo/ros2_ws/install/opencv_tests:/home/amejiyo/ros2_ws/install/detection:/opt/ros/foxy /usr/bin/cmake --install /home/amejiyo/GitHub/DL501Project/build/interfaces
[3.513s] -- Install configuration: ""
[3.514s] -- Installing: /home/amejiyo/GitHub/DL501Project/install/interfaces/share/ament_index/resource_index/rosidl_interfaces/interfaces
[3.514s] -- Installing: /home/amejiyo/GitHub/DL501Project/install/interfaces/include/interfaces
[3.514s] -- Installing: /home/amejiyo/GitHub/DL501Project/install/interfaces/include/interfaces/msg
[3.514s] -- Installing: /home/amejiyo/GitHub/DL501Project/install/interfaces/include/interfaces/msg/rosidl_generator_c__visibility_control.h
[3.514s] -- Installing: /home/amejiyo/GitHub/DL501Project/install/interfaces/include/interfaces/msg/detect.h
[3.515s] -- Installing: /home/amejiyo/GitHub/DL501Project/install/interfaces/include/interfaces/msg/detail
[3.515s] -- Installing: /home/amejiyo/GitHub/DL501Project/install/interfaces/include/interfaces/msg/detail/detect__type_support.h
[3.515s] -- Installing: /home/amejiyo/GitHub/DL501Project/install/interfaces/include/interfaces/msg/detail/detect__functions.h
[3.515s] -- Installing: /home/amejiyo/GitHub/DL501Project/install/interfaces/include/interfaces/msg/detail/detect__functions.c
[3.515s] -- Installing: /home/amejiyo/GitHub/DL501Project/install/interfaces/include/interfaces/msg/detail/detect__struct.h
[3.515s] -- Installing: /home/amejiyo/GitHub/DL501Project/install/interfaces/share/interfaces/environment/library_path.sh
[3.515s] -- Installing: /home/amejiyo/GitHub/DL501Project/install/interfaces/share/interfaces/environment/library_path.dsv
[3.516s] -- Installing: /home/amejiyo/GitHub/DL501Project/install/interfaces/lib/libinterfaces__rosidl_generator_c.so
[3.516s] -- Set runtime path of "/home/amejiyo/GitHub/DL501Project/install/interfaces/lib/libinterfaces__rosidl_generator_c.so" to ""
[3.516s] -- Up-to-date: /home/amejiyo/GitHub/DL501Project/install/interfaces/include/interfaces
[3.516s] -- Up-to-date: /home/amejiyo/GitHub/DL501Project/install/interfaces/include/interfaces/msg
[3.516s] -- Up-to-date: /home/amejiyo/GitHub/DL501Project/install/interfaces/include/interfaces/msg/detail
[3.516s] -- Installing: /home/amejiyo/GitHub/DL501Project/install/interfaces/include/interfaces/msg/detail/detect__rosidl_typesupport_fastrtps_c.h
[3.516s] -- Installing: /home/amejiyo/GitHub/DL501Project/install/interfaces/include/interfaces/msg/rosidl_typesupport_fastrtps_c__visibility_control.h
[3.516s] -- Installing: /home/amejiyo/GitHub/DL501Project/install/interfaces/lib/libinterfaces__rosidl_typesupport_fastrtps_c.so
[3.516s] -- Set runtime path of "/home/amejiyo/GitHub/DL501Project/install/interfaces/lib/libinterfaces__rosidl_typesupport_fastrtps_c.so" to ""
[3.517s] -- Up-to-date: /home/amejiyo/GitHub/DL501Project/install/interfaces/include/interfaces
[3.517s] -- Up-to-date: /home/amejiyo/GitHub/DL501Project/install/interfaces/include/interfaces/msg
[3.517s] -- Up-to-date: /home/amejiyo/GitHub/DL501Project/install/interfaces/include/interfaces/msg/detail
[3.517s] -- Installing: /home/amejiyo/GitHub/DL501Project/install/interfaces/include/interfaces/msg/detail/dds_fastrtps
[3.517s] -- Installing: /home/amejiyo/GitHub/DL501Project/install/interfaces/include/interfaces/msg/detail/detect__rosidl_typesupport_fastrtps_cpp.hpp
[3.517s] -- Installing: /home/amejiyo/GitHub/DL501Project/install/interfaces/include/interfaces/msg/rosidl_typesupport_fastrtps_cpp__visibility_control.h
[3.518s] -- Installing: /home/amejiyo/GitHub/DL501Project/install/interfaces/lib/libinterfaces__rosidl_typesupport_fastrtps_cpp.so
[3.518s] -- Set runtime path of "/home/amejiyo/GitHub/DL501Project/install/interfaces/lib/libinterfaces__rosidl_typesupport_fastrtps_cpp.so" to ""
[3.518s] -- Up-to-date: /home/amejiyo/GitHub/DL501Project/install/interfaces/include/interfaces
[3.518s] -- Up-to-date: /home/amejiyo/GitHub/DL501Project/install/interfaces/include/interfaces/msg
[3.518s] -- Up-to-date: /home/amejiyo/GitHub/DL501Project/install/interfaces/include/interfaces/msg/detail
[3.518s] -- Installing: /home/amejiyo/GitHub/DL501Project/install/interfaces/include/interfaces/msg/detail/detect__rosidl_typesupport_introspection_c.h
[3.518s] -- Installing: /home/amejiyo/GitHub/DL501Project/install/interfaces/include/interfaces/msg/detail/detect__type_support.c
[3.518s] -- Installing: /home/amejiyo/GitHub/DL501Project/install/interfaces/include/interfaces/msg/rosidl_typesupport_introspection_c__visibility_control.h
[3.518s] -- Installing: /home/amejiyo/GitHub/DL501Project/install/interfaces/lib/libinterfaces__rosidl_typesupport_introspection_c.so
[3.519s] -- Set runtime path of "/home/amejiyo/GitHub/DL501Project/install/interfaces/lib/libinterfaces__rosidl_typesupport_introspection_c.so" to ""
[3.519s] -- Installing: /home/amejiyo/GitHub/DL501Project/install/interfaces/lib/libinterfaces__rosidl_typesupport_c.so
[3.519s] -- Set runtime path of "/home/amejiyo/GitHub/DL501Project/install/interfaces/lib/libinterfaces__rosidl_typesupport_c.so" to ""
[3.519s] -- Up-to-date: /home/amejiyo/GitHub/DL501Project/install/interfaces/include/interfaces
[3.519s] -- Up-to-date: /home/amejiyo/GitHub/DL501Project/install/interfaces/include/interfaces/msg
[3.519s] -- Up-to-date: /home/amejiyo/GitHub/DL501Project/install/interfaces/include/interfaces/msg/detail
[3.519s] -- Installing: /home/amejiyo/GitHub/DL501Project/install/interfaces/include/interfaces/msg/detail/detect__traits.hpp
[3.519s] -- Installing: /home/amejiyo/GitHub/DL501Project/install/interfaces/include/interfaces/msg/detail/detect__struct.hpp
[3.519s] -- Installing: /home/amejiyo/GitHub/DL501Project/install/interfaces/include/interfaces/msg/detail/detect__builder.hpp
[3.519s] -- Installing: /home/amejiyo/GitHub/DL501Project/install/interfaces/include/interfaces/msg/detect.hpp
[3.520s] -- Up-to-date: /home/amejiyo/GitHub/DL501Project/install/interfaces/include/interfaces
[3.520s] -- Up-to-date: /home/amejiyo/GitHub/DL501Project/install/interfaces/include/interfaces/msg
[3.520s] -- Up-to-date: /home/amejiyo/GitHub/DL501Project/install/interfaces/include/interfaces/msg/detail
[3.520s] -- Installing: /home/amejiyo/GitHub/DL501Project/install/interfaces/include/interfaces/msg/detail/detect__type_support.cpp
[3.520s] -- Installing: /home/amejiyo/GitHub/DL501Project/install/interfaces/include/interfaces/msg/detail/detect__rosidl_typesupport_introspection_cpp.hpp
[3.520s] -- Installing: /home/amejiyo/GitHub/DL501Project/install/interfaces/lib/libinterfaces__rosidl_typesupport_introspection_cpp.so
[3.520s] -- Set runtime path of "/home/amejiyo/GitHub/DL501Project/install/interfaces/lib/libinterfaces__rosidl_typesupport_introspection_cpp.so" to ""
[3.520s] -- Installing: /home/amejiyo/GitHub/DL501Project/install/interfaces/lib/libinterfaces__rosidl_typesupport_cpp.so
[3.520s] -- Set runtime path of "/home/amejiyo/GitHub/DL501Project/install/interfaces/lib/libinterfaces__rosidl_typesupport_cpp.so" to ""
[3.520s] -- Installing: /home/amejiyo/GitHub/DL501Project/install/interfaces/share/interfaces/environment/pythonpath.sh
[3.521s] -- Installing: /home/amejiyo/GitHub/DL501Project/install/interfaces/share/interfaces/environment/pythonpath.dsv
[3.521s] -- Installing: /home/amejiyo/GitHub/DL501Project/install/interfaces/lib/python3.8/site-packages/interfaces/__init__.py
[3.547s] Compiling '/home/amejiyo/GitHub/DL501Project/install/interfaces/lib/python3.8/site-packages/interfaces/__init__.py'...
[3.551s] -- Installing: /home/amejiyo/GitHub/DL501Project/install/interfaces/lib/python3.8/site-packages/interfaces/msg
[3.551s] -- Installing: /home/amejiyo/GitHub/DL501Project/install/interfaces/lib/python3.8/site-packages/interfaces/msg/_detect_s.c
[3.552s] -- Installing: /home/amejiyo/GitHub/DL501Project/install/interfaces/lib/python3.8/site-packages/interfaces/msg/__init__.py
[3.552s] -- Installing: /home/amejiyo/GitHub/DL501Project/install/interfaces/lib/python3.8/site-packages/interfaces/msg/_detect.py
[3.552s] -- Installing: /home/amejiyo/GitHub/DL501Project/install/interfaces/lib/python3.8/site-packages/interfaces/interfaces_s__rosidl_typesupport_fastrtps_c.cpython-38-x86_64-linux-gnu.so
[3.553s] -- Set runtime path of "/home/amejiyo/GitHub/DL501Project/install/interfaces/lib/python3.8/site-packages/interfaces/interfaces_s__rosidl_typesupport_fastrtps_c.cpython-38-x86_64-linux-gnu.so" to ""
[3.553s] -- Installing: /home/amejiyo/GitHub/DL501Project/install/interfaces/lib/python3.8/site-packages/interfaces/interfaces_s__rosidl_typesupport_introspection_c.cpython-38-x86_64-linux-gnu.so
[3.554s] -- Set runtime path of "/home/amejiyo/GitHub/DL501Project/install/interfaces/lib/python3.8/site-packages/interfaces/interfaces_s__rosidl_typesupport_introspection_c.cpython-38-x86_64-linux-gnu.so" to ""
[3.554s] -- Installing: /home/amejiyo/GitHub/DL501Project/install/interfaces/lib/python3.8/site-packages/interfaces/interfaces_s__rosidl_typesupport_c.cpython-38-x86_64-linux-gnu.so
[3.554s] -- Set runtime path of "/home/amejiyo/GitHub/DL501Project/install/interfaces/lib/python3.8/site-packages/interfaces/interfaces_s__rosidl_typesupport_c.cpython-38-x86_64-linux-gnu.so" to ""
[3.555s] -- Installing: /home/amejiyo/GitHub/DL501Project/install/interfaces/lib/libinterfaces__python.so
[3.556s] -- Set runtime path of "/home/amejiyo/GitHub/DL501Project/install/interfaces/lib/libinterfaces__python.so" to ""
[3.556s] -- Installing: /home/amejiyo/GitHub/DL501Project/install/interfaces/share/interfaces/msg/Detect.idl
[3.556s] -- Installing: /home/amejiyo/GitHub/DL501Project/install/interfaces/share/interfaces/msg/Detect.msg
[3.556s] -- Installing: /home/amejiyo/GitHub/DL501Project/install/interfaces/share/ament_index/resource_index/package_run_dependencies/interfaces
[3.557s] -- Installing: /home/amejiyo/GitHub/DL501Project/install/interfaces/share/ament_index/resource_index/parent_prefix_path/interfaces
[3.557s] -- Up-to-date: /home/amejiyo/GitHub/DL501Project/install/interfaces/share/interfaces/environment/ament_prefix_path.sh
[3.557s] -- Installing: /home/amejiyo/GitHub/DL501Project/install/interfaces/share/interfaces/environment/ament_prefix_path.dsv
[3.557s] -- Up-to-date: /home/amejiyo/GitHub/DL501Project/install/interfaces/share/interfaces/environment/path.sh
[3.558s] -- Installing: /home/amejiyo/GitHub/DL501Project/install/interfaces/share/interfaces/environment/path.dsv
[3.558s] -- Up-to-date: /home/amejiyo/GitHub/DL501Project/install/interfaces/share/interfaces/local_setup.bash
[3.558s] -- Installing: /home/amejiyo/GitHub/DL501Project/install/interfaces/share/interfaces/local_setup.sh
[3.558s] -- Up-to-date: /home/amejiyo/GitHub/DL501Project/install/interfaces/share/interfaces/local_setup.zsh
[3.559s] -- Installing: /home/amejiyo/GitHub/DL501Project/install/interfaces/share/interfaces/local_setup.dsv
[3.559s] -- Installing: /home/amejiyo/GitHub/DL501Project/install/interfaces/share/interfaces/package.dsv
[3.559s] -- Up-to-date: /home/amejiyo/GitHub/DL501Project/install/interfaces/share/ament_index/resource_index/packages/interfaces
[3.559s] -- Installing: /home/amejiyo/GitHub/DL501Project/install/interfaces/share/interfaces/cmake/interfaces__rosidl_generator_cExport.cmake
[3.559s] -- Installing: /home/amejiyo/GitHub/DL501Project/install/interfaces/share/interfaces/cmake/interfaces__rosidl_generator_cExport-noconfig.cmake
[3.559s] -- Installing: /home/amejiyo/GitHub/DL501Project/install/interfaces/share/interfaces/cmake/interfaces__rosidl_typesupport_introspection_cExport.cmake
[3.559s] -- Installing: /home/amejiyo/GitHub/DL501Project/install/interfaces/share/interfaces/cmake/interfaces__rosidl_typesupport_introspection_cExport-noconfig.cmake
[3.559s] -- Installing: /home/amejiyo/GitHub/DL501Project/install/interfaces/share/interfaces/cmake/interfaces__rosidl_typesupport_cExport.cmake
[3.560s] -- Installing: /home/amejiyo/GitHub/DL501Project/install/interfaces/share/interfaces/cmake/interfaces__rosidl_typesupport_cExport-noconfig.cmake
[3.560s] -- Installing: /home/amejiyo/GitHub/DL501Project/install/interfaces/share/interfaces/cmake/interfaces__rosidl_generator_cppExport.cmake
[3.560s] -- Installing: /home/amejiyo/GitHub/DL501Project/install/interfaces/share/interfaces/cmake/interfaces__rosidl_typesupport_introspection_cppExport.cmake
[3.560s] -- Installing: /home/amejiyo/GitHub/DL501Project/install/interfaces/share/interfaces/cmake/interfaces__rosidl_typesupport_introspection_cppExport-noconfig.cmake
[3.560s] -- Installing: /home/amejiyo/GitHub/DL501Project/install/interfaces/share/interfaces/cmake/interfaces__rosidl_typesupport_cppExport.cmake
[3.560s] -- Installing: /home/amejiyo/GitHub/DL501Project/install/interfaces/share/interfaces/cmake/interfaces__rosidl_typesupport_cppExport-noconfig.cmake
[3.560s] -- Installing: /home/amejiyo/GitHub/DL501Project/install/interfaces/share/interfaces/cmake/rosidl_cmake-extras.cmake
[3.561s] -- Installing: /home/amejiyo/GitHub/DL501Project/install/interfaces/share/interfaces/cmake/ament_cmake_export_dependencies-extras.cmake
[3.561s] -- Installing: /home/amejiyo/GitHub/DL501Project/install/interfaces/share/interfaces/cmake/ament_cmake_export_libraries-extras.cmake
[3.561s] -- Installing: /home/amejiyo/GitHub/DL501Project/install/interfaces/share/interfaces/cmake/ament_cmake_export_targets-extras.cmake
[3.561s] -- Installing: /home/amejiyo/GitHub/DL501Project/install/interfaces/share/interfaces/cmake/ament_cmake_export_include_directories-extras.cmake
[3.562s] -- Installing: /home/amejiyo/GitHub/DL501Project/install/interfaces/share/interfaces/cmake/rosidl_cmake_export_typesupport_libraries-extras.cmake
[3.562s] -- Installing: /home/amejiyo/GitHub/DL501Project/install/interfaces/share/interfaces/cmake/rosidl_cmake_export_typesupport_targets-extras.cmake
[3.562s] -- Installing: /home/amejiyo/GitHub/DL501Project/install/interfaces/share/interfaces/cmake/interfacesConfig.cmake
[3.562s] -- Up-to-date: /home/amejiyo/GitHub/DL501Project/install/interfaces/share/interfaces/cmake/interfacesConfig-version.cmake
[3.562s] -- Installing: /home/amejiyo/GitHub/DL501Project/install/interfaces/share/interfaces/package.xml
[3.564s] Invoked command in '/home/amejiyo/GitHub/DL501Project/build/interfaces' returned '0': CMAKE_PREFIX_PATH=${CMAKE_PREFIX_PATH}:/home/amejiyo/GitHub/DL501Project/install/fine_detect:/home/amejiyo/yolobot/install/yolobot_recognition:/home/amejiyo/ros2_ws/install/py_pubsub:/home/amejiyo/ros2_ws/install/opencv_tests:/home/amejiyo/ros2_ws/install/detection:/opt/ros/foxy /usr/bin/cmake --install /home/amejiyo/GitHub/DL501Project/build/interfaces
