[0.249s] Invoking command in '/home/amejiyo/GitHub/DL501Project/build/interfaces': CMAKE_PREFIX_PATH=${CMAKE_PREFIX_PATH}:/home/amejiyo/GitHub/DL501Project/install/fine_detect:/home/amejiyo/yolobot/install/yolobot_recognition:/home/amejiyo/ros2_ws/install/py_pubsub:/home/amejiyo/ros2_ws/install/opencv_tests:/home/amejiyo/ros2_ws/install/detection:/opt/ros/foxy /usr/bin/cmake --build /home/amejiyo/GitHub/DL501Project/build/interfaces -- -j16 -l16
[0.285s] Invoked command in '/home/amejiyo/GitHub/DL501Project/build/interfaces' returned '0': CMAKE_PREFIX_PATH=${CMAKE_PREFIX_PATH}:/home/amejiyo/GitHub/DL501Project/install/fine_detect:/home/amejiyo/yolobot/install/yolobot_recognition:/home/amejiyo/ros2_ws/install/py_pubsub:/home/amejiyo/ros2_ws/install/opencv_tests:/home/amejiyo/ros2_ws/install/detection:/opt/ros/foxy /usr/bin/cmake --build /home/amejiyo/GitHub/DL501Project/build/interfaces -- -j16 -l16
[0.328s] Invoking command in '/home/amejiyo/GitHub/DL501Project/build/interfaces': CMAKE_PREFIX_PATH=${CMAKE_PREFIX_PATH}:/home/amejiyo/GitHub/DL501Project/install/fine_detect:/home/amejiyo/yolobot/install/yolobot_recognition:/home/amejiyo/ros2_ws/install/py_pubsub:/home/amejiyo/ros2_ws/install/opencv_tests:/home/amejiyo/ros2_ws/install/detection:/opt/ros/foxy /usr/bin/cmake --install /home/amejiyo/GitHub/DL501Project/build/interfaces
[0.336s] -- Install configuration: ""
[0.336s] -- Up-to-date: /home/amejiyo/GitHub/DL501Project/install/interfaces/share/ament_index/resource_index/package_run_dependencies/interfaces
[0.336s] -- Up-to-date: /home/amejiyo/GitHub/DL501Project/install/interfaces/share/ament_index/resource_index/parent_prefix_path/interfaces
[0.337s] -- Up-to-date: /home/amejiyo/GitHub/DL501Project/install/interfaces/share/interfaces/environment/ament_prefix_path.sh
[0.337s] -- Up-to-date: /home/amejiyo/GitHub/DL501Project/install/interfaces/share/interfaces/environment/ament_prefix_path.dsv
[0.337s] -- Up-to-date: /home/amejiyo/GitHub/DL501Project/install/interfaces/share/interfaces/environment/path.sh
[0.337s] -- Up-to-date: /home/amejiyo/GitHub/DL501Project/install/interfaces/share/interfaces/environment/path.dsv
[0.337s] -- Up-to-date: /home/amejiyo/GitHub/DL501Project/install/interfaces/share/interfaces/local_setup.bash
[0.337s] -- Up-to-date: /home/amejiyo/GitHub/DL501Project/install/interfaces/share/interfaces/local_setup.sh
[0.337s] -- Up-to-date: /home/amejiyo/GitHub/DL501Project/install/interfaces/share/interfaces/local_setup.zsh
[0.337s] -- Up-to-date: /home/amejiyo/GitHub/DL501Project/install/interfaces/share/interfaces/local_setup.dsv
[0.337s] -- Installing: /home/amejiyo/GitHub/DL501Project/install/interfaces/share/interfaces/package.dsv
[0.338s] -- Up-to-date: /home/amejiyo/GitHub/DL501Project/install/interfaces/share/ament_index/resource_index/packages/interfaces
[0.338s] -- Up-to-date: /home/amejiyo/GitHub/DL501Project/install/interfaces/share/interfaces/cmake/interfacesConfig.cmake
[0.338s] -- Up-to-date: /home/amejiyo/GitHub/DL501Project/install/interfaces/share/interfaces/cmake/interfacesConfig-version.cmake
[0.338s] -- Up-to-date: /home/amejiyo/GitHub/DL501Project/install/interfaces/share/interfaces/package.xml
[0.340s] Invoked command in '/home/amejiyo/GitHub/DL501Project/build/interfaces' returned '0': CMAKE_PREFIX_PATH=${CMAKE_PREFIX_PATH}:/home/amejiyo/GitHub/DL501Project/install/fine_detect:/home/amejiyo/yolobot/install/yolobot_recognition:/home/amejiyo/ros2_ws/install/py_pubsub:/home/amejiyo/ros2_ws/install/opencv_tests:/home/amejiyo/ros2_ws/install/detection:/opt/ros/foxy /usr/bin/cmake --install /home/amejiyo/GitHub/DL501Project/build/interfaces
