running egg_info
writing ../../build/fine_detect/fine_detect.egg-info/PKG-INFO
writing dependency_links to ../../build/fine_detect/fine_detect.egg-info/dependency_links.txt
writing entry points to ../../build/fine_detect/fine_detect.egg-info/entry_points.txt
writing requirements to ../../build/fine_detect/fine_detect.egg-info/requires.txt
writing top-level names to ../../build/fine_detect/fine_detect.egg-info/top_level.txt
reading manifest file '../../build/fine_detect/fine_detect.egg-info/SOURCES.txt'
writing manifest file '../../build/fine_detect/fine_detect.egg-info/SOURCES.txt'
running build
running build_py
running install
running install_lib
running install_data
copying package.xml -> /home/amejiyo/GitHub/DL501Project/install/fine_detect/share/fine_detect
running install_egg_info
removing '/home/amejiyo/GitHub/DL501Project/install/fine_detect/lib/python3.8/site-packages/fine_detect-0.0.0-py3.8.egg-info' (and everything under it)
Copying ../../build/fine_detect/fine_detect.egg-info to /home/amejiyo/GitHub/DL501Project/install/fine_detect/lib/python3.8/site-packages/fine_detect-0.0.0-py3.8.egg-info
running install_scripts
Installing detect_talker script to /home/amejiyo/GitHub/DL501Project/install/fine_detect/lib/fine_detect
writing list of installed files to '/home/amejiyo/GitHub/DL501Project/build/fine_detect/install.log'
