[0.652s] Invoking command in '/home/amejiyo/GitHub/DL501Project/src/fine_detect': PYTHONPATH=/home/amejiyo/GitHub/DL501Project/install/fine_detect/lib/python3.8/site-packages:${PYTHONPATH} /usr/bin/python3 setup.py egg_info --egg-base ../../build/fine_detect build --build-base /home/amejiyo/GitHub/DL501Project/build/fine_detect/build install --prefix /home/amejiyo/GitHub/DL501Project/install/fine_detect --record /home/amejiyo/GitHub/DL501Project/build/fine_detect/install.log --single-version-externally-managed
[0.853s] running egg_info
[0.853s] writing ../../build/fine_detect/fine_detect.egg-info/PKG-INFO
[0.854s] writing dependency_links to ../../build/fine_detect/fine_detect.egg-info/dependency_links.txt
[0.854s] writing entry points to ../../build/fine_detect/fine_detect.egg-info/entry_points.txt
[0.855s] writing requirements to ../../build/fine_detect/fine_detect.egg-info/requires.txt
[0.855s] writing top-level names to ../../build/fine_detect/fine_detect.egg-info/top_level.txt
[0.883s] reading manifest file '../../build/fine_detect/fine_detect.egg-info/SOURCES.txt'
[0.883s] writing manifest file '../../build/fine_detect/fine_detect.egg-info/SOURCES.txt'
[0.883s] running build
[0.883s] running build_py
[0.884s] running install
[0.884s] running install_lib
[0.885s] running install_data
[0.886s] running install_egg_info
[0.887s] removing '/home/amejiyo/GitHub/DL501Project/install/fine_detect/lib/python3.8/site-packages/fine_detect-0.0.0-py3.8.egg-info' (and everything under it)
[0.888s] Copying ../../build/fine_detect/fine_detect.egg-info to /home/amejiyo/GitHub/DL501Project/install/fine_detect/lib/python3.8/site-packages/fine_detect-0.0.0-py3.8.egg-info
[0.888s] running install_scripts
[0.901s] writing list of installed files to '/home/amejiyo/GitHub/DL501Project/build/fine_detect/install.log'
[0.926s] Invoked command in '/home/amejiyo/GitHub/DL501Project/src/fine_detect' returned '0': PYTHONPATH=/home/amejiyo/GitHub/DL501Project/install/fine_detect/lib/python3.8/site-packages:${PYTHONPATH} /usr/bin/python3 setup.py egg_info --egg-base ../../build/fine_detect build --build-base /home/amejiyo/GitHub/DL501Project/build/fine_detect/build install --prefix /home/amejiyo/GitHub/DL501Project/install/fine_detect --record /home/amejiyo/GitHub/DL501Project/build/fine_detect/install.log --single-version-externally-managed
