[0.665s] Invoking command in '/home/amejiyo/GitHub/DL501Project/src/fine_detect': PYTHONPATH=/home/amejiyo/GitHub/DL501Project/install/fine_detect/lib/python3.8/site-packages:${PYTHONPATH} /usr/bin/python3 setup.py egg_info --egg-base ../../build/fine_detect build --build-base /home/amejiyo/GitHub/DL501Project/build/fine_detect/build install --prefix /home/amejiyo/GitHub/DL501Project/install/fine_detect --record /home/amejiyo/GitHub/DL501Project/build/fine_detect/install.log --single-version-externally-managed
[0.878s] running egg_info
[0.878s] writing ../../build/fine_detect/fine_detect.egg-info/PKG-INFO
[0.878s] writing dependency_links to ../../build/fine_detect/fine_detect.egg-info/dependency_links.txt
[0.879s] writing entry points to ../../build/fine_detect/fine_detect.egg-info/entry_points.txt
[0.879s] writing requirements to ../../build/fine_detect/fine_detect.egg-info/requires.txt
[0.879s] writing top-level names to ../../build/fine_detect/fine_detect.egg-info/top_level.txt
[0.908s] reading manifest file '../../build/fine_detect/fine_detect.egg-info/SOURCES.txt'
[0.909s] writing manifest file '../../build/fine_detect/fine_detect.egg-info/SOURCES.txt'
[0.909s] running build
[0.909s] running build_py
[0.909s] running install
[0.910s] running install_lib
[0.912s] running install_data
[0.912s] running install_egg_info
[0.914s] removing '/home/amejiyo/GitHub/DL501Project/install/fine_detect/lib/python3.8/site-packages/fine_detect-0.0.0-py3.8.egg-info' (and everything under it)
[0.914s] Copying ../../build/fine_detect/fine_detect.egg-info to /home/amejiyo/GitHub/DL501Project/install/fine_detect/lib/python3.8/site-packages/fine_detect-0.0.0-py3.8.egg-info
[0.915s] running install_scripts
[0.929s] Installing detect_talker script to /home/amejiyo/GitHub/DL501Project/install/fine_detect/lib/fine_detect
[0.929s] writing list of installed files to '/home/amejiyo/GitHub/DL501Project/build/fine_detect/install.log'
[0.959s] Invoked command in '/home/amejiyo/GitHub/DL501Project/src/fine_detect' returned '0': PYTHONPATH=/home/amejiyo/GitHub/DL501Project/install/fine_detect/lib/python3.8/site-packages:${PYTHONPATH} /usr/bin/python3 setup.py egg_info --egg-base ../../build/fine_detect build --build-base /home/amejiyo/GitHub/DL501Project/build/fine_detect/build install --prefix /home/amejiyo/GitHub/DL501Project/install/fine_detect --record /home/amejiyo/GitHub/DL501Project/build/fine_detect/install.log --single-version-externally-managed
