[0.105s] DEBUG:colcon:Command line arguments: ['/usr/bin/colcon', 'build']
[0.106s] DEBUG:colcon:Parsed command line arguments: Namespace(allow_overriding=[], ament_cmake_args=None, base_paths=['.'], build_base='build', catkin_cmake_args=None, catkin_skip_building_tests=False, cmake_args=None, cmake_clean_cache=False, cmake_clean_first=False, cmake_force_configure=False, cmake_target=None, cmake_target_skip_unavailable=False, continue_on_error=False, event_handlers=None, executor='parallel', ignore_user_meta=False, install_base='install', log_base=None, log_level=None, main=<bound method BuildVerb.main of <colcon_core.verb.build.BuildVerb object at 0x7f9a1ce21fd0>>, merge_install=False, metas=['./colcon.meta'], packages_above=None, packages_above_and_dependencies=None, packages_above_depth=None, packages_end=None, packages_ignore=None, packages_ignore_regex=None, packages_select=None, packages_select_build_failed=False, packages_select_by_dep=None, packages_select_regex=None, packages_select_test_failures=False, packages_skip=None, packages_skip_build_finished=False, packages_skip_by_dep=None, packages_skip_regex=None, packages_skip_test_passed=False, packages_skip_up_to=None, packages_start=None, packages_up_to=None, packages_up_to_regex=None, parallel_workers=16, paths=None, symlink_install=False, test_result_base=None, verb_extension=<colcon_core.verb.build.BuildVerb object at 0x7f9a1ce21fd0>, verb_name='build', verb_parser=<colcon_defaults.argument_parser.defaults.DefaultArgumentsDecorator object at 0x7f9a1cdab490>)
[0.124s] Level 1:colcon.colcon_core.package_discovery:discover_packages(colcon_meta) check parameters
[0.124s] Level 1:colcon.colcon_core.package_discovery:discover_packages(recursive) check parameters
[0.124s] Level 1:colcon.colcon_core.package_discovery:discover_packages(ignore) check parameters
[0.124s] Level 1:colcon.colcon_core.package_discovery:discover_packages(path) check parameters
[0.124s] Level 1:colcon.colcon_core.package_discovery:discover_packages(colcon_meta) discover
[0.124s] Level 1:colcon.colcon_core.package_discovery:discover_packages(recursive) discover
[0.124s] INFO:colcon.colcon_core.package_discovery:Crawling recursively for packages in '/home/amejiyo/GitHub/DL501Project/src/fine_detect/fine_detect'
[0.124s] Level 1:colcon.colcon_core.package_identification:_identify(.) by extensions ['ignore', 'ignore_ament_install']
[0.124s] Level 1:colcon.colcon_core.package_identification:_identify(.) by extension 'ignore'
[0.124s] Level 1:colcon.colcon_core.package_identification:_identify(.) by extension 'ignore_ament_install'
[0.124s] Level 1:colcon.colcon_core.package_identification:_identify(.) by extensions ['colcon_pkg']
[0.125s] Level 1:colcon.colcon_core.package_identification:_identify(.) by extension 'colcon_pkg'
[0.125s] Level 1:colcon.colcon_core.package_identification:_identify(.) by extensions ['colcon_meta']
[0.125s] Level 1:colcon.colcon_core.package_identification:_identify(.) by extension 'colcon_meta'
[0.125s] Level 1:colcon.colcon_core.package_identification:_identify(.) by extensions ['ros']
[0.125s] Level 1:colcon.colcon_core.package_identification:_identify(.) by extension 'ros'
[0.180s] Level 1:colcon.colcon_core.package_identification:_identify(.) by extensions ['cmake', 'python']
[0.180s] Level 1:colcon.colcon_core.package_identification:_identify(.) by extension 'cmake'
[0.180s] Level 1:colcon.colcon_core.package_identification:_identify(.) by extension 'python'
[0.180s] Level 1:colcon.colcon_core.package_identification:_identify(.) by extensions ['python_setup_py']
[0.180s] Level 1:colcon.colcon_core.package_identification:_identify(.) by extension 'python_setup_py'
[0.180s] Level 1:colcon.colcon_core.package_identification:_identify(build) by extensions ['ignore', 'ignore_ament_install']
[0.180s] Level 1:colcon.colcon_core.package_identification:_identify(build) by extension 'ignore'
[0.180s] Level 1:colcon.colcon_core.package_identification:_identify(build) ignored
[0.181s] Level 1:colcon.colcon_core.package_identification:_identify(install) by extensions ['ignore', 'ignore_ament_install']
[0.181s] Level 1:colcon.colcon_core.package_identification:_identify(install) by extension 'ignore'
[0.181s] Level 1:colcon.colcon_core.package_identification:_identify(install) ignored
[0.181s] Level 1:colcon.colcon_core.package_identification:_identify(log) by extensions ['ignore', 'ignore_ament_install']
[0.181s] Level 1:colcon.colcon_core.package_identification:_identify(log) by extension 'ignore'
[0.181s] Level 1:colcon.colcon_core.package_identification:_identify(log) ignored
[0.181s] Level 1:colcon.colcon_core.package_identification:_identify(yolov5_lib) by extensions ['ignore', 'ignore_ament_install']
[0.182s] Level 1:colcon.colcon_core.package_identification:_identify(yolov5_lib) by extension 'ignore'
[0.182s] Level 1:colcon.colcon_core.package_identification:_identify(yolov5_lib) by extension 'ignore_ament_install'
[0.182s] Level 1:colcon.colcon_core.package_identification:_identify(yolov5_lib) by extensions ['colcon_pkg']
[0.182s] Level 1:colcon.colcon_core.package_identification:_identify(yolov5_lib) by extension 'colcon_pkg'
[0.182s] Level 1:colcon.colcon_core.package_identification:_identify(yolov5_lib) by extensions ['colcon_meta']
[0.182s] Level 1:colcon.colcon_core.package_identification:_identify(yolov5_lib) by extension 'colcon_meta'
[0.182s] Level 1:colcon.colcon_core.package_identification:_identify(yolov5_lib) by extensions ['ros']
[0.182s] Level 1:colcon.colcon_core.package_identification:_identify(yolov5_lib) by extension 'ros'
[0.182s] Level 1:colcon.colcon_core.package_identification:_identify(yolov5_lib) by extensions ['cmake', 'python']
[0.182s] Level 1:colcon.colcon_core.package_identification:_identify(yolov5_lib) by extension 'cmake'
[0.182s] Level 1:colcon.colcon_core.package_identification:_identify(yolov5_lib) by extension 'python'
[0.182s] Level 1:colcon.colcon_core.package_identification:_identify(yolov5_lib) by extensions ['python_setup_py']
[0.182s] Level 1:colcon.colcon_core.package_identification:_identify(yolov5_lib) by extension 'python_setup_py'
[0.182s] Level 1:colcon.colcon_core.package_identification:_identify(yolov5_lib/__pycache__) by extensions ['ignore', 'ignore_ament_install']
[0.182s] Level 1:colcon.colcon_core.package_identification:_identify(yolov5_lib/__pycache__) by extension 'ignore'
[0.183s] Level 1:colcon.colcon_core.package_identification:_identify(yolov5_lib/__pycache__) by extension 'ignore_ament_install'
[0.183s] Level 1:colcon.colcon_core.package_identification:_identify(yolov5_lib/__pycache__) by extensions ['colcon_pkg']
[0.183s] Level 1:colcon.colcon_core.package_identification:_identify(yolov5_lib/__pycache__) by extension 'colcon_pkg'
[0.183s] Level 1:colcon.colcon_core.package_identification:_identify(yolov5_lib/__pycache__) by extensions ['colcon_meta']
[0.183s] Level 1:colcon.colcon_core.package_identification:_identify(yolov5_lib/__pycache__) by extension 'colcon_meta'
[0.183s] Level 1:colcon.colcon_core.package_identification:_identify(yolov5_lib/__pycache__) by extensions ['ros']
[0.183s] Level 1:colcon.colcon_core.package_identification:_identify(yolov5_lib/__pycache__) by extension 'ros'
[0.183s] Level 1:colcon.colcon_core.package_identification:_identify(yolov5_lib/__pycache__) by extensions ['cmake', 'python']
[0.183s] Level 1:colcon.colcon_core.package_identification:_identify(yolov5_lib/__pycache__) by extension 'cmake'
[0.183s] Level 1:colcon.colcon_core.package_identification:_identify(yolov5_lib/__pycache__) by extension 'python'
[0.183s] Level 1:colcon.colcon_core.package_identification:_identify(yolov5_lib/__pycache__) by extensions ['python_setup_py']
[0.183s] Level 1:colcon.colcon_core.package_identification:_identify(yolov5_lib/__pycache__) by extension 'python_setup_py'
[0.183s] Level 1:colcon.colcon_core.package_identification:_identify(yolov5_lib/data) by extensions ['ignore', 'ignore_ament_install']
[0.183s] Level 1:colcon.colcon_core.package_identification:_identify(yolov5_lib/data) by extension 'ignore'
[0.184s] Level 1:colcon.colcon_core.package_identification:_identify(yolov5_lib/data) by extension 'ignore_ament_install'
[0.184s] Level 1:colcon.colcon_core.package_identification:_identify(yolov5_lib/data) by extensions ['colcon_pkg']
[0.184s] Level 1:colcon.colcon_core.package_identification:_identify(yolov5_lib/data) by extension 'colcon_pkg'
[0.184s] Level 1:colcon.colcon_core.package_identification:_identify(yolov5_lib/data) by extensions ['colcon_meta']
[0.184s] Level 1:colcon.colcon_core.package_identification:_identify(yolov5_lib/data) by extension 'colcon_meta'
[0.184s] Level 1:colcon.colcon_core.package_identification:_identify(yolov5_lib/data) by extensions ['ros']
[0.184s] Level 1:colcon.colcon_core.package_identification:_identify(yolov5_lib/data) by extension 'ros'
[0.184s] Level 1:colcon.colcon_core.package_identification:_identify(yolov5_lib/data) by extensions ['cmake', 'python']
[0.184s] Level 1:colcon.colcon_core.package_identification:_identify(yolov5_lib/data) by extension 'cmake'
[0.184s] Level 1:colcon.colcon_core.package_identification:_identify(yolov5_lib/data) by extension 'python'
[0.184s] Level 1:colcon.colcon_core.package_identification:_identify(yolov5_lib/data) by extensions ['python_setup_py']
[0.184s] Level 1:colcon.colcon_core.package_identification:_identify(yolov5_lib/data) by extension 'python_setup_py'
[0.184s] Level 1:colcon.colcon_core.package_identification:_identify(yolov5_lib/data/hyps) by extensions ['ignore', 'ignore_ament_install']
[0.184s] Level 1:colcon.colcon_core.package_identification:_identify(yolov5_lib/data/hyps) by extension 'ignore'
[0.184s] Level 1:colcon.colcon_core.package_identification:_identify(yolov5_lib/data/hyps) by extension 'ignore_ament_install'
[0.184s] Level 1:colcon.colcon_core.package_identification:_identify(yolov5_lib/data/hyps) by extensions ['colcon_pkg']
[0.184s] Level 1:colcon.colcon_core.package_identification:_identify(yolov5_lib/data/hyps) by extension 'colcon_pkg'
[0.184s] Level 1:colcon.colcon_core.package_identification:_identify(yolov5_lib/data/hyps) by extensions ['colcon_meta']
[0.184s] Level 1:colcon.colcon_core.package_identification:_identify(yolov5_lib/data/hyps) by extension 'colcon_meta'
[0.184s] Level 1:colcon.colcon_core.package_identification:_identify(yolov5_lib/data/hyps) by extensions ['ros']
[0.184s] Level 1:colcon.colcon_core.package_identification:_identify(yolov5_lib/data/hyps) by extension 'ros'
[0.184s] Level 1:colcon.colcon_core.package_identification:_identify(yolov5_lib/data/hyps) by extensions ['cmake', 'python']
[0.184s] Level 1:colcon.colcon_core.package_identification:_identify(yolov5_lib/data/hyps) by extension 'cmake'
[0.184s] Level 1:colcon.colcon_core.package_identification:_identify(yolov5_lib/data/hyps) by extension 'python'
[0.184s] Level 1:colcon.colcon_core.package_identification:_identify(yolov5_lib/data/hyps) by extensions ['python_setup_py']
[0.184s] Level 1:colcon.colcon_core.package_identification:_identify(yolov5_lib/data/hyps) by extension 'python_setup_py'
[0.185s] Level 1:colcon.colcon_core.package_identification:_identify(yolov5_lib/data/images) by extensions ['ignore', 'ignore_ament_install']
[0.185s] Level 1:colcon.colcon_core.package_identification:_identify(yolov5_lib/data/images) by extension 'ignore'
[0.185s] Level 1:colcon.colcon_core.package_identification:_identify(yolov5_lib/data/images) by extension 'ignore_ament_install'
[0.185s] Level 1:colcon.colcon_core.package_identification:_identify(yolov5_lib/data/images) by extensions ['colcon_pkg']
[0.185s] Level 1:colcon.colcon_core.package_identification:_identify(yolov5_lib/data/images) by extension 'colcon_pkg'
[0.185s] Level 1:colcon.colcon_core.package_identification:_identify(yolov5_lib/data/images) by extensions ['colcon_meta']
[0.185s] Level 1:colcon.colcon_core.package_identification:_identify(yolov5_lib/data/images) by extension 'colcon_meta'
[0.185s] Level 1:colcon.colcon_core.package_identification:_identify(yolov5_lib/data/images) by extensions ['ros']
[0.185s] Level 1:colcon.colcon_core.package_identification:_identify(yolov5_lib/data/images) by extension 'ros'
[0.185s] Level 1:colcon.colcon_core.package_identification:_identify(yolov5_lib/data/images) by extensions ['cmake', 'python']
[0.185s] Level 1:colcon.colcon_core.package_identification:_identify(yolov5_lib/data/images) by extension 'cmake'
[0.185s] Level 1:colcon.colcon_core.package_identification:_identify(yolov5_lib/data/images) by extension 'python'
[0.185s] Level 1:colcon.colcon_core.package_identification:_identify(yolov5_lib/data/images) by extensions ['python_setup_py']
[0.185s] Level 1:colcon.colcon_core.package_identification:_identify(yolov5_lib/data/images) by extension 'python_setup_py'
[0.185s] Level 1:colcon.colcon_core.package_identification:_identify(yolov5_lib/data/scripts) by extensions ['ignore', 'ignore_ament_install']
[0.185s] Level 1:colcon.colcon_core.package_identification:_identify(yolov5_lib/data/scripts) by extension 'ignore'
[0.185s] Level 1:colcon.colcon_core.package_identification:_identify(yolov5_lib/data/scripts) by extension 'ignore_ament_install'
[0.185s] Level 1:colcon.colcon_core.package_identification:_identify(yolov5_lib/data/scripts) by extensions ['colcon_pkg']
[0.185s] Level 1:colcon.colcon_core.package_identification:_identify(yolov5_lib/data/scripts) by extension 'colcon_pkg'
[0.185s] Level 1:colcon.colcon_core.package_identification:_identify(yolov5_lib/data/scripts) by extensions ['colcon_meta']
[0.185s] Level 1:colcon.colcon_core.package_identification:_identify(yolov5_lib/data/scripts) by extension 'colcon_meta'
[0.185s] Level 1:colcon.colcon_core.package_identification:_identify(yolov5_lib/data/scripts) by extensions ['ros']
[0.185s] Level 1:colcon.colcon_core.package_identification:_identify(yolov5_lib/data/scripts) by extension 'ros'
[0.185s] Level 1:colcon.colcon_core.package_identification:_identify(yolov5_lib/data/scripts) by extensions ['cmake', 'python']
[0.185s] Level 1:colcon.colcon_core.package_identification:_identify(yolov5_lib/data/scripts) by extension 'cmake'
[0.186s] Level 1:colcon.colcon_core.package_identification:_identify(yolov5_lib/data/scripts) by extension 'python'
[0.186s] Level 1:colcon.colcon_core.package_identification:_identify(yolov5_lib/data/scripts) by extensions ['python_setup_py']
[0.186s] Level 1:colcon.colcon_core.package_identification:_identify(yolov5_lib/data/scripts) by extension 'python_setup_py'
[0.186s] Level 1:colcon.colcon_core.package_identification:_identify(yolov5_lib/models) by extensions ['ignore', 'ignore_ament_install']
[0.186s] Level 1:colcon.colcon_core.package_identification:_identify(yolov5_lib/models) by extension 'ignore'
[0.186s] Level 1:colcon.colcon_core.package_identification:_identify(yolov5_lib/models) by extension 'ignore_ament_install'
[0.186s] Level 1:colcon.colcon_core.package_identification:_identify(yolov5_lib/models) by extensions ['colcon_pkg']
[0.186s] Level 1:colcon.colcon_core.package_identification:_identify(yolov5_lib/models) by extension 'colcon_pkg'
[0.186s] Level 1:colcon.colcon_core.package_identification:_identify(yolov5_lib/models) by extensions ['colcon_meta']
[0.186s] Level 1:colcon.colcon_core.package_identification:_identify(yolov5_lib/models) by extension 'colcon_meta'
[0.186s] Level 1:colcon.colcon_core.package_identification:_identify(yolov5_lib/models) by extensions ['ros']
[0.186s] Level 1:colcon.colcon_core.package_identification:_identify(yolov5_lib/models) by extension 'ros'
[0.186s] Level 1:colcon.colcon_core.package_identification:_identify(yolov5_lib/models) by extensions ['cmake', 'python']
[0.186s] Level 1:colcon.colcon_core.package_identification:_identify(yolov5_lib/models) by extension 'cmake'
[0.186s] Level 1:colcon.colcon_core.package_identification:_identify(yolov5_lib/models) by extension 'python'
[0.186s] Level 1:colcon.colcon_core.package_identification:_identify(yolov5_lib/models) by extensions ['python_setup_py']
[0.186s] Level 1:colcon.colcon_core.package_identification:_identify(yolov5_lib/models) by extension 'python_setup_py'
[0.186s] Level 1:colcon.colcon_core.package_identification:_identify(yolov5_lib/models/__pycache__) by extensions ['ignore', 'ignore_ament_install']
[0.186s] Level 1:colcon.colcon_core.package_identification:_identify(yolov5_lib/models/__pycache__) by extension 'ignore'
[0.186s] Level 1:colcon.colcon_core.package_identification:_identify(yolov5_lib/models/__pycache__) by extension 'ignore_ament_install'
[0.186s] Level 1:colcon.colcon_core.package_identification:_identify(yolov5_lib/models/__pycache__) by extensions ['colcon_pkg']
[0.186s] Level 1:colcon.colcon_core.package_identification:_identify(yolov5_lib/models/__pycache__) by extension 'colcon_pkg'
[0.186s] Level 1:colcon.colcon_core.package_identification:_identify(yolov5_lib/models/__pycache__) by extensions ['colcon_meta']
[0.186s] Level 1:colcon.colcon_core.package_identification:_identify(yolov5_lib/models/__pycache__) by extension 'colcon_meta'
[0.186s] Level 1:colcon.colcon_core.package_identification:_identify(yolov5_lib/models/__pycache__) by extensions ['ros']
[0.186s] Level 1:colcon.colcon_core.package_identification:_identify(yolov5_lib/models/__pycache__) by extension 'ros'
[0.187s] Level 1:colcon.colcon_core.package_identification:_identify(yolov5_lib/models/__pycache__) by extensions ['cmake', 'python']
[0.187s] Level 1:colcon.colcon_core.package_identification:_identify(yolov5_lib/models/__pycache__) by extension 'cmake'
[0.187s] Level 1:colcon.colcon_core.package_identification:_identify(yolov5_lib/models/__pycache__) by extension 'python'
[0.187s] Level 1:colcon.colcon_core.package_identification:_identify(yolov5_lib/models/__pycache__) by extensions ['python_setup_py']
[0.187s] Level 1:colcon.colcon_core.package_identification:_identify(yolov5_lib/models/__pycache__) by extension 'python_setup_py'
[0.187s] Level 1:colcon.colcon_core.package_identification:_identify(yolov5_lib/models/hub) by extensions ['ignore', 'ignore_ament_install']
[0.187s] Level 1:colcon.colcon_core.package_identification:_identify(yolov5_lib/models/hub) by extension 'ignore'
[0.187s] Level 1:colcon.colcon_core.package_identification:_identify(yolov5_lib/models/hub) by extension 'ignore_ament_install'
[0.187s] Level 1:colcon.colcon_core.package_identification:_identify(yolov5_lib/models/hub) by extensions ['colcon_pkg']
[0.187s] Level 1:colcon.colcon_core.package_identification:_identify(yolov5_lib/models/hub) by extension 'colcon_pkg'
[0.187s] Level 1:colcon.colcon_core.package_identification:_identify(yolov5_lib/models/hub) by extensions ['colcon_meta']
[0.187s] Level 1:colcon.colcon_core.package_identification:_identify(yolov5_lib/models/hub) by extension 'colcon_meta'
[0.187s] Level 1:colcon.colcon_core.package_identification:_identify(yolov5_lib/models/hub) by extensions ['ros']
[0.187s] Level 1:colcon.colcon_core.package_identification:_identify(yolov5_lib/models/hub) by extension 'ros'
[0.187s] Level 1:colcon.colcon_core.package_identification:_identify(yolov5_lib/models/hub) by extensions ['cmake', 'python']
[0.187s] Level 1:colcon.colcon_core.package_identification:_identify(yolov5_lib/models/hub) by extension 'cmake'
[0.187s] Level 1:colcon.colcon_core.package_identification:_identify(yolov5_lib/models/hub) by extension 'python'
[0.187s] Level 1:colcon.colcon_core.package_identification:_identify(yolov5_lib/models/hub) by extensions ['python_setup_py']
[0.187s] Level 1:colcon.colcon_core.package_identification:_identify(yolov5_lib/models/hub) by extension 'python_setup_py'
[0.187s] Level 1:colcon.colcon_core.package_identification:_identify(yolov5_lib/runs) by extensions ['ignore', 'ignore_ament_install']
[0.187s] Level 1:colcon.colcon_core.package_identification:_identify(yolov5_lib/runs) by extension 'ignore'
[0.187s] Level 1:colcon.colcon_core.package_identification:_identify(yolov5_lib/runs) by extension 'ignore_ament_install'
[0.187s] Level 1:colcon.colcon_core.package_identification:_identify(yolov5_lib/runs) by extensions ['colcon_pkg']
[0.187s] Level 1:colcon.colcon_core.package_identification:_identify(yolov5_lib/runs) by extension 'colcon_pkg'
[0.187s] Level 1:colcon.colcon_core.package_identification:_identify(yolov5_lib/runs) by extensions ['colcon_meta']
[0.187s] Level 1:colcon.colcon_core.package_identification:_identify(yolov5_lib/runs) by extension 'colcon_meta'
[0.187s] Level 1:colcon.colcon_core.package_identification:_identify(yolov5_lib/runs) by extensions ['ros']
[0.188s] Level 1:colcon.colcon_core.package_identification:_identify(yolov5_lib/runs) by extension 'ros'
[0.188s] Level 1:colcon.colcon_core.package_identification:_identify(yolov5_lib/runs) by extensions ['cmake', 'python']
[0.188s] Level 1:colcon.colcon_core.package_identification:_identify(yolov5_lib/runs) by extension 'cmake'
[0.188s] Level 1:colcon.colcon_core.package_identification:_identify(yolov5_lib/runs) by extension 'python'
[0.188s] Level 1:colcon.colcon_core.package_identification:_identify(yolov5_lib/runs) by extensions ['python_setup_py']
[0.188s] Level 1:colcon.colcon_core.package_identification:_identify(yolov5_lib/runs) by extension 'python_setup_py'
[0.188s] Level 1:colcon.colcon_core.package_identification:_identify(yolov5_lib/runs/detect) by extensions ['ignore', 'ignore_ament_install']
[0.188s] Level 1:colcon.colcon_core.package_identification:_identify(yolov5_lib/runs/detect) by extension 'ignore'
[0.188s] Level 1:colcon.colcon_core.package_identification:_identify(yolov5_lib/runs/detect) by extension 'ignore_ament_install'
[0.188s] Level 1:colcon.colcon_core.package_identification:_identify(yolov5_lib/runs/detect) by extensions ['colcon_pkg']
[0.188s] Level 1:colcon.colcon_core.package_identification:_identify(yolov5_lib/runs/detect) by extension 'colcon_pkg'
[0.188s] Level 1:colcon.colcon_core.package_identification:_identify(yolov5_lib/runs/detect) by extensions ['colcon_meta']
[0.188s] Level 1:colcon.colcon_core.package_identification:_identify(yolov5_lib/runs/detect) by extension 'colcon_meta'
[0.188s] Level 1:colcon.colcon_core.package_identification:_identify(yolov5_lib/runs/detect) by extensions ['ros']
[0.188s] Level 1:colcon.colcon_core.package_identification:_identify(yolov5_lib/runs/detect) by extension 'ros'
[0.188s] Level 1:colcon.colcon_core.package_identification:_identify(yolov5_lib/runs/detect) by extensions ['cmake', 'python']
[0.188s] Level 1:colcon.colcon_core.package_identification:_identify(yolov5_lib/runs/detect) by extension 'cmake'
[0.188s] Level 1:colcon.colcon_core.package_identification:_identify(yolov5_lib/runs/detect) by extension 'python'
[0.188s] Level 1:colcon.colcon_core.package_identification:_identify(yolov5_lib/runs/detect) by extensions ['python_setup_py']
[0.188s] Level 1:colcon.colcon_core.package_identification:_identify(yolov5_lib/runs/detect) by extension 'python_setup_py'
[0.188s] Level 1:colcon.colcon_core.package_identification:_identify(yolov5_lib/runs/detect/exp) by extensions ['ignore', 'ignore_ament_install']
[0.188s] Level 1:colcon.colcon_core.package_identification:_identify(yolov5_lib/runs/detect/exp) by extension 'ignore'
[0.188s] Level 1:colcon.colcon_core.package_identification:_identify(yolov5_lib/runs/detect/exp) by extension 'ignore_ament_install'
[0.188s] Level 1:colcon.colcon_core.package_identification:_identify(yolov5_lib/runs/detect/exp) by extensions ['colcon_pkg']
[0.188s] Level 1:colcon.colcon_core.package_identification:_identify(yolov5_lib/runs/detect/exp) by extension 'colcon_pkg'
[0.188s] Level 1:colcon.colcon_core.package_identification:_identify(yolov5_lib/runs/detect/exp) by extensions ['colcon_meta']
[0.188s] Level 1:colcon.colcon_core.package_identification:_identify(yolov5_lib/runs/detect/exp) by extension 'colcon_meta'
[0.189s] Level 1:colcon.colcon_core.package_identification:_identify(yolov5_lib/runs/detect/exp) by extensions ['ros']
[0.189s] Level 1:colcon.colcon_core.package_identification:_identify(yolov5_lib/runs/detect/exp) by extension 'ros'
[0.189s] Level 1:colcon.colcon_core.package_identification:_identify(yolov5_lib/runs/detect/exp) by extensions ['cmake', 'python']
[0.189s] Level 1:colcon.colcon_core.package_identification:_identify(yolov5_lib/runs/detect/exp) by extension 'cmake'
[0.189s] Level 1:colcon.colcon_core.package_identification:_identify(yolov5_lib/runs/detect/exp) by extension 'python'
[0.189s] Level 1:colcon.colcon_core.package_identification:_identify(yolov5_lib/runs/detect/exp) by extensions ['python_setup_py']
[0.189s] Level 1:colcon.colcon_core.package_identification:_identify(yolov5_lib/runs/detect/exp) by extension 'python_setup_py'
[0.189s] Level 1:colcon.colcon_core.package_identification:_identify(yolov5_lib/runs/detect/exp2) by extensions ['ignore', 'ignore_ament_install']
[0.189s] Level 1:colcon.colcon_core.package_identification:_identify(yolov5_lib/runs/detect/exp2) by extension 'ignore'
[0.189s] Level 1:colcon.colcon_core.package_identification:_identify(yolov5_lib/runs/detect/exp2) by extension 'ignore_ament_install'
[0.189s] Level 1:colcon.colcon_core.package_identification:_identify(yolov5_lib/runs/detect/exp2) by extensions ['colcon_pkg']
[0.189s] Level 1:colcon.colcon_core.package_identification:_identify(yolov5_lib/runs/detect/exp2) by extension 'colcon_pkg'
[0.189s] Level 1:colcon.colcon_core.package_identification:_identify(yolov5_lib/runs/detect/exp2) by extensions ['colcon_meta']
[0.189s] Level 1:colcon.colcon_core.package_identification:_identify(yolov5_lib/runs/detect/exp2) by extension 'colcon_meta'
[0.189s] Level 1:colcon.colcon_core.package_identification:_identify(yolov5_lib/runs/detect/exp2) by extensions ['ros']
[0.189s] Level 1:colcon.colcon_core.package_identification:_identify(yolov5_lib/runs/detect/exp2) by extension 'ros'
[0.189s] Level 1:colcon.colcon_core.package_identification:_identify(yolov5_lib/runs/detect/exp2) by extensions ['cmake', 'python']
[0.189s] Level 1:colcon.colcon_core.package_identification:_identify(yolov5_lib/runs/detect/exp2) by extension 'cmake'
[0.189s] Level 1:colcon.colcon_core.package_identification:_identify(yolov5_lib/runs/detect/exp2) by extension 'python'
[0.189s] Level 1:colcon.colcon_core.package_identification:_identify(yolov5_lib/runs/detect/exp2) by extensions ['python_setup_py']
[0.189s] Level 1:colcon.colcon_core.package_identification:_identify(yolov5_lib/runs/detect/exp2) by extension 'python_setup_py'
[0.189s] Level 1:colcon.colcon_core.package_identification:_identify(yolov5_lib/runs/detect/exp3) by extensions ['ignore', 'ignore_ament_install']
[0.189s] Level 1:colcon.colcon_core.package_identification:_identify(yolov5_lib/runs/detect/exp3) by extension 'ignore'
[0.189s] Level 1:colcon.colcon_core.package_identification:_identify(yolov5_lib/runs/detect/exp3) by extension 'ignore_ament_install'
[0.189s] Level 1:colcon.colcon_core.package_identification:_identify(yolov5_lib/runs/detect/exp3) by extensions ['colcon_pkg']
[0.190s] Level 1:colcon.colcon_core.package_identification:_identify(yolov5_lib/runs/detect/exp3) by extension 'colcon_pkg'
[0.190s] Level 1:colcon.colcon_core.package_identification:_identify(yolov5_lib/runs/detect/exp3) by extensions ['colcon_meta']
[0.190s] Level 1:colcon.colcon_core.package_identification:_identify(yolov5_lib/runs/detect/exp3) by extension 'colcon_meta'
[0.190s] Level 1:colcon.colcon_core.package_identification:_identify(yolov5_lib/runs/detect/exp3) by extensions ['ros']
[0.190s] Level 1:colcon.colcon_core.package_identification:_identify(yolov5_lib/runs/detect/exp3) by extension 'ros'
[0.190s] Level 1:colcon.colcon_core.package_identification:_identify(yolov5_lib/runs/detect/exp3) by extensions ['cmake', 'python']
[0.190s] Level 1:colcon.colcon_core.package_identification:_identify(yolov5_lib/runs/detect/exp3) by extension 'cmake'
[0.190s] Level 1:colcon.colcon_core.package_identification:_identify(yolov5_lib/runs/detect/exp3) by extension 'python'
[0.190s] Level 1:colcon.colcon_core.package_identification:_identify(yolov5_lib/runs/detect/exp3) by extensions ['python_setup_py']
[0.190s] Level 1:colcon.colcon_core.package_identification:_identify(yolov5_lib/runs/detect/exp3) by extension 'python_setup_py'
[0.190s] Level 1:colcon.colcon_core.package_identification:_identify(yolov5_lib/utils) by extensions ['ignore', 'ignore_ament_install']
[0.190s] Level 1:colcon.colcon_core.package_identification:_identify(yolov5_lib/utils) by extension 'ignore'
[0.190s] Level 1:colcon.colcon_core.package_identification:_identify(yolov5_lib/utils) by extension 'ignore_ament_install'
[0.190s] Level 1:colcon.colcon_core.package_identification:_identify(yolov5_lib/utils) by extensions ['colcon_pkg']
[0.190s] Level 1:colcon.colcon_core.package_identification:_identify(yolov5_lib/utils) by extension 'colcon_pkg'
[0.190s] Level 1:colcon.colcon_core.package_identification:_identify(yolov5_lib/utils) by extensions ['colcon_meta']
[0.190s] Level 1:colcon.colcon_core.package_identification:_identify(yolov5_lib/utils) by extension 'colcon_meta'
[0.190s] Level 1:colcon.colcon_core.package_identification:_identify(yolov5_lib/utils) by extensions ['ros']
[0.190s] Level 1:colcon.colcon_core.package_identification:_identify(yolov5_lib/utils) by extension 'ros'
[0.190s] Level 1:colcon.colcon_core.package_identification:_identify(yolov5_lib/utils) by extensions ['cmake', 'python']
[0.190s] Level 1:colcon.colcon_core.package_identification:_identify(yolov5_lib/utils) by extension 'cmake'
[0.190s] Level 1:colcon.colcon_core.package_identification:_identify(yolov5_lib/utils) by extension 'python'
[0.190s] Level 1:colcon.colcon_core.package_identification:_identify(yolov5_lib/utils) by extensions ['python_setup_py']
[0.191s] Level 1:colcon.colcon_core.package_identification:_identify(yolov5_lib/utils) by extension 'python_setup_py'
[0.191s] Level 1:colcon.colcon_core.package_identification:_identify(yolov5_lib/utils/__pycache__) by extensions ['ignore', 'ignore_ament_install']
[0.191s] Level 1:colcon.colcon_core.package_identification:_identify(yolov5_lib/utils/__pycache__) by extension 'ignore'
[0.191s] Level 1:colcon.colcon_core.package_identification:_identify(yolov5_lib/utils/__pycache__) by extension 'ignore_ament_install'
[0.191s] Level 1:colcon.colcon_core.package_identification:_identify(yolov5_lib/utils/__pycache__) by extensions ['colcon_pkg']
[0.191s] Level 1:colcon.colcon_core.package_identification:_identify(yolov5_lib/utils/__pycache__) by extension 'colcon_pkg'
[0.191s] Level 1:colcon.colcon_core.package_identification:_identify(yolov5_lib/utils/__pycache__) by extensions ['colcon_meta']
[0.191s] Level 1:colcon.colcon_core.package_identification:_identify(yolov5_lib/utils/__pycache__) by extension 'colcon_meta'
[0.191s] Level 1:colcon.colcon_core.package_identification:_identify(yolov5_lib/utils/__pycache__) by extensions ['ros']
[0.191s] Level 1:colcon.colcon_core.package_identification:_identify(yolov5_lib/utils/__pycache__) by extension 'ros'
[0.191s] Level 1:colcon.colcon_core.package_identification:_identify(yolov5_lib/utils/__pycache__) by extensions ['cmake', 'python']
[0.191s] Level 1:colcon.colcon_core.package_identification:_identify(yolov5_lib/utils/__pycache__) by extension 'cmake'
[0.191s] Level 1:colcon.colcon_core.package_identification:_identify(yolov5_lib/utils/__pycache__) by extension 'python'
[0.191s] Level 1:colcon.colcon_core.package_identification:_identify(yolov5_lib/utils/__pycache__) by extensions ['python_setup_py']
[0.191s] Level 1:colcon.colcon_core.package_identification:_identify(yolov5_lib/utils/__pycache__) by extension 'python_setup_py'
[0.192s] Level 1:colcon.colcon_core.package_identification:_identify(yolov5_lib/utils/aws) by extensions ['ignore', 'ignore_ament_install']
[0.192s] Level 1:colcon.colcon_core.package_identification:_identify(yolov5_lib/utils/aws) by extension 'ignore'
[0.192s] Level 1:colcon.colcon_core.package_identification:_identify(yolov5_lib/utils/aws) by extension 'ignore_ament_install'
[0.192s] Level 1:colcon.colcon_core.package_identification:_identify(yolov5_lib/utils/aws) by extensions ['colcon_pkg']
[0.192s] Level 1:colcon.colcon_core.package_identification:_identify(yolov5_lib/utils/aws) by extension 'colcon_pkg'
[0.192s] Level 1:colcon.colcon_core.package_identification:_identify(yolov5_lib/utils/aws) by extensions ['colcon_meta']
[0.192s] Level 1:colcon.colcon_core.package_identification:_identify(yolov5_lib/utils/aws) by extension 'colcon_meta'
[0.192s] Level 1:colcon.colcon_core.package_identification:_identify(yolov5_lib/utils/aws) by extensions ['ros']
[0.192s] Level 1:colcon.colcon_core.package_identification:_identify(yolov5_lib/utils/aws) by extension 'ros'
[0.192s] Level 1:colcon.colcon_core.package_identification:_identify(yolov5_lib/utils/aws) by extensions ['cmake', 'python']
[0.192s] Level 1:colcon.colcon_core.package_identification:_identify(yolov5_lib/utils/aws) by extension 'cmake'
[0.192s] Level 1:colcon.colcon_core.package_identification:_identify(yolov5_lib/utils/aws) by extension 'python'
[0.192s] Level 1:colcon.colcon_core.package_identification:_identify(yolov5_lib/utils/aws) by extensions ['python_setup_py']
[0.192s] Level 1:colcon.colcon_core.package_identification:_identify(yolov5_lib/utils/aws) by extension 'python_setup_py'
[0.192s] Level 1:colcon.colcon_core.package_identification:_identify(yolov5_lib/utils/flask_rest_api) by extensions ['ignore', 'ignore_ament_install']
[0.192s] Level 1:colcon.colcon_core.package_identification:_identify(yolov5_lib/utils/flask_rest_api) by extension 'ignore'
[0.192s] Level 1:colcon.colcon_core.package_identification:_identify(yolov5_lib/utils/flask_rest_api) by extension 'ignore_ament_install'
[0.192s] Level 1:colcon.colcon_core.package_identification:_identify(yolov5_lib/utils/flask_rest_api) by extensions ['colcon_pkg']
[0.192s] Level 1:colcon.colcon_core.package_identification:_identify(yolov5_lib/utils/flask_rest_api) by extension 'colcon_pkg'
[0.192s] Level 1:colcon.colcon_core.package_identification:_identify(yolov5_lib/utils/flask_rest_api) by extensions ['colcon_meta']
[0.192s] Level 1:colcon.colcon_core.package_identification:_identify(yolov5_lib/utils/flask_rest_api) by extension 'colcon_meta'
[0.192s] Level 1:colcon.colcon_core.package_identification:_identify(yolov5_lib/utils/flask_rest_api) by extensions ['ros']
[0.192s] Level 1:colcon.colcon_core.package_identification:_identify(yolov5_lib/utils/flask_rest_api) by extension 'ros'
[0.192s] Level 1:colcon.colcon_core.package_identification:_identify(yolov5_lib/utils/flask_rest_api) by extensions ['cmake', 'python']
[0.192s] Level 1:colcon.colcon_core.package_identification:_identify(yolov5_lib/utils/flask_rest_api) by extension 'cmake'
[0.192s] Level 1:colcon.colcon_core.package_identification:_identify(yolov5_lib/utils/flask_rest_api) by extension 'python'
[0.193s] Level 1:colcon.colcon_core.package_identification:_identify(yolov5_lib/utils/flask_rest_api) by extensions ['python_setup_py']
[0.193s] Level 1:colcon.colcon_core.package_identification:_identify(yolov5_lib/utils/flask_rest_api) by extension 'python_setup_py'
[0.193s] Level 1:colcon.colcon_core.package_identification:_identify(yolov5_lib/utils/google_app_engine) by extensions ['ignore', 'ignore_ament_install']
[0.193s] Level 1:colcon.colcon_core.package_identification:_identify(yolov5_lib/utils/google_app_engine) by extension 'ignore'
[0.193s] Level 1:colcon.colcon_core.package_identification:_identify(yolov5_lib/utils/google_app_engine) by extension 'ignore_ament_install'
[0.193s] Level 1:colcon.colcon_core.package_identification:_identify(yolov5_lib/utils/google_app_engine) by extensions ['colcon_pkg']
[0.193s] Level 1:colcon.colcon_core.package_identification:_identify(yolov5_lib/utils/google_app_engine) by extension 'colcon_pkg'
[0.193s] Level 1:colcon.colcon_core.package_identification:_identify(yolov5_lib/utils/google_app_engine) by extensions ['colcon_meta']
[0.193s] Level 1:colcon.colcon_core.package_identification:_identify(yolov5_lib/utils/google_app_engine) by extension 'colcon_meta'
[0.193s] Level 1:colcon.colcon_core.package_identification:_identify(yolov5_lib/utils/google_app_engine) by extensions ['ros']
[0.193s] Level 1:colcon.colcon_core.package_identification:_identify(yolov5_lib/utils/google_app_engine) by extension 'ros'
[0.193s] Level 1:colcon.colcon_core.package_identification:_identify(yolov5_lib/utils/google_app_engine) by extensions ['cmake', 'python']
[0.193s] Level 1:colcon.colcon_core.package_identification:_identify(yolov5_lib/utils/google_app_engine) by extension 'cmake'
[0.193s] Level 1:colcon.colcon_core.package_identification:_identify(yolov5_lib/utils/google_app_engine) by extension 'python'
[0.193s] Level 1:colcon.colcon_core.package_identification:_identify(yolov5_lib/utils/google_app_engine) by extensions ['python_setup_py']
[0.193s] Level 1:colcon.colcon_core.package_identification:_identify(yolov5_lib/utils/google_app_engine) by extension 'python_setup_py'
[0.193s] Level 1:colcon.colcon_core.package_identification:_identify(yolov5_lib/utils/loggers) by extensions ['ignore', 'ignore_ament_install']
[0.193s] Level 1:colcon.colcon_core.package_identification:_identify(yolov5_lib/utils/loggers) by extension 'ignore'
[0.193s] Level 1:colcon.colcon_core.package_identification:_identify(yolov5_lib/utils/loggers) by extension 'ignore_ament_install'
[0.193s] Level 1:colcon.colcon_core.package_identification:_identify(yolov5_lib/utils/loggers) by extensions ['colcon_pkg']
[0.193s] Level 1:colcon.colcon_core.package_identification:_identify(yolov5_lib/utils/loggers) by extension 'colcon_pkg'
[0.193s] Level 1:colcon.colcon_core.package_identification:_identify(yolov5_lib/utils/loggers) by extensions ['colcon_meta']
[0.193s] Level 1:colcon.colcon_core.package_identification:_identify(yolov5_lib/utils/loggers) by extension 'colcon_meta'
[0.193s] Level 1:colcon.colcon_core.package_identification:_identify(yolov5_lib/utils/loggers) by extensions ['ros']
[0.193s] Level 1:colcon.colcon_core.package_identification:_identify(yolov5_lib/utils/loggers) by extension 'ros'
[0.193s] Level 1:colcon.colcon_core.package_identification:_identify(yolov5_lib/utils/loggers) by extensions ['cmake', 'python']
[0.194s] Level 1:colcon.colcon_core.package_identification:_identify(yolov5_lib/utils/loggers) by extension 'cmake'
[0.194s] Level 1:colcon.colcon_core.package_identification:_identify(yolov5_lib/utils/loggers) by extension 'python'
[0.194s] Level 1:colcon.colcon_core.package_identification:_identify(yolov5_lib/utils/loggers) by extensions ['python_setup_py']
[0.194s] Level 1:colcon.colcon_core.package_identification:_identify(yolov5_lib/utils/loggers) by extension 'python_setup_py'
[0.194s] Level 1:colcon.colcon_core.package_identification:_identify(yolov5_lib/utils/loggers/wandb) by extensions ['ignore', 'ignore_ament_install']
[0.194s] Level 1:colcon.colcon_core.package_identification:_identify(yolov5_lib/utils/loggers/wandb) by extension 'ignore'
[0.194s] Level 1:colcon.colcon_core.package_identification:_identify(yolov5_lib/utils/loggers/wandb) by extension 'ignore_ament_install'
[0.194s] Level 1:colcon.colcon_core.package_identification:_identify(yolov5_lib/utils/loggers/wandb) by extensions ['colcon_pkg']
[0.194s] Level 1:colcon.colcon_core.package_identification:_identify(yolov5_lib/utils/loggers/wandb) by extension 'colcon_pkg'
[0.194s] Level 1:colcon.colcon_core.package_identification:_identify(yolov5_lib/utils/loggers/wandb) by extensions ['colcon_meta']
[0.194s] Level 1:colcon.colcon_core.package_identification:_identify(yolov5_lib/utils/loggers/wandb) by extension 'colcon_meta'
[0.194s] Level 1:colcon.colcon_core.package_identification:_identify(yolov5_lib/utils/loggers/wandb) by extensions ['ros']
[0.194s] Level 1:colcon.colcon_core.package_identification:_identify(yolov5_lib/utils/loggers/wandb) by extension 'ros'
[0.194s] Level 1:colcon.colcon_core.package_identification:_identify(yolov5_lib/utils/loggers/wandb) by extensions ['cmake', 'python']
[0.194s] Level 1:colcon.colcon_core.package_identification:_identify(yolov5_lib/utils/loggers/wandb) by extension 'cmake'
[0.194s] Level 1:colcon.colcon_core.package_identification:_identify(yolov5_lib/utils/loggers/wandb) by extension 'python'
[0.194s] Level 1:colcon.colcon_core.package_identification:_identify(yolov5_lib/utils/loggers/wandb) by extensions ['python_setup_py']
[0.194s] Level 1:colcon.colcon_core.package_identification:_identify(yolov5_lib/utils/loggers/wandb) by extension 'python_setup_py'
[0.194s] Level 1:colcon.colcon_core.package_discovery:discover_packages(recursive) using defaults
[0.194s] Level 1:colcon.colcon_core.package_discovery:discover_packages(ignore) discover
[0.194s] Level 1:colcon.colcon_core.package_discovery:discover_packages(ignore) using defaults
[0.194s] Level 1:colcon.colcon_core.package_discovery:discover_packages(path) discover
[0.194s] Level 1:colcon.colcon_core.package_discovery:discover_packages(path) using defaults
[0.208s] Level 1:colcon.colcon_core.package_discovery:discover_packages(prefix_path) check parameters
[0.208s] Level 1:colcon.colcon_core.package_discovery:discover_packages(prefix_path) discover
[0.210s] DEBUG:colcon.colcon_installed_package_information.package_discovery:Found 2 installed packages in /home/amejiyo/GitHub/DL501Project/install
[0.211s] DEBUG:colcon.colcon_installed_package_information.package_discovery:Found 5 installed packages in /home/amejiyo/yolobot/install
[0.212s] DEBUG:colcon.colcon_installed_package_information.package_discovery:Found 17 installed packages in /home/amejiyo/ros2_ws/install
[0.213s] DEBUG:colcon.colcon_installed_package_information.package_discovery:Found 270 installed packages in /opt/ros/foxy
[0.216s] Level 1:colcon.colcon_core.package_discovery:discover_packages(prefix_path) using defaults
[0.263s] INFO:colcon.colcon_core.executor:Executing jobs using 'parallel' executor
[0.266s] DEBUG:colcon.colcon_parallel_executor.executor.parallel:run_until_complete
[0.266s] DEBUG:colcon.colcon_parallel_executor.executor.parallel:closing loop
[0.266s] DEBUG:colcon.colcon_parallel_executor.executor.parallel:loop closed
[0.266s] DEBUG:colcon.colcon_parallel_executor.executor.parallel:run_until_complete finished with '0'
[0.266s] DEBUG:colcon.colcon_core.event_reactor:joining thread
[0.277s] INFO:colcon.colcon_core.plugin_system:Skipping extension 'colcon_notification.desktop_notification.terminal_notifier': Not used on non-Darwin systems
[0.277s] INFO:colcon.colcon_core.plugin_system:Skipping extension 'colcon_notification.desktop_notification.win32': Not used on non-Windows systems
[0.277s] INFO:colcon.colcon_notification.desktop_notification:Sending desktop notification using 'notify2'
[0.293s] DEBUG:colcon.colcon_core.event_reactor:joined thread
[0.299s] INFO:colcon.colcon_core.plugin_system:Skipping extension 'colcon_core.shell.bat': Not used on non-Windows systems
[0.300s] INFO:colcon.colcon_core.shell:Creating prefix script '/home/amejiyo/GitHub/DL501Project/src/fine_detect/fine_detect/install/local_setup.ps1'
[0.303s] INFO:colcon.colcon_core.shell:Creating prefix util module '/home/amejiyo/GitHub/DL501Project/src/fine_detect/fine_detect/install/_local_setup_util_ps1.py'
[0.305s] INFO:colcon.colcon_core.shell:Creating prefix chain script '/home/amejiyo/GitHub/DL501Project/src/fine_detect/fine_detect/install/setup.ps1'
[0.307s] INFO:colcon.colcon_core.shell:Creating prefix script '/home/amejiyo/GitHub/DL501Project/src/fine_detect/fine_detect/install/local_setup.sh'
[0.307s] INFO:colcon.colcon_core.shell:Creating prefix util module '/home/amejiyo/GitHub/DL501Project/src/fine_detect/fine_detect/install/_local_setup_util_sh.py'
[0.308s] INFO:colcon.colcon_core.shell:Creating prefix chain script '/home/amejiyo/GitHub/DL501Project/src/fine_detect/fine_detect/install/setup.sh'
[0.309s] INFO:colcon.colcon_core.shell:Creating prefix script '/home/amejiyo/GitHub/DL501Project/src/fine_detect/fine_detect/install/local_setup.bash'
[0.310s] INFO:colcon.colcon_core.shell:Creating prefix chain script '/home/amejiyo/GitHub/DL501Project/src/fine_detect/fine_detect/install/setup.bash'
[0.312s] INFO:colcon.colcon_core.shell:Creating prefix script '/home/amejiyo/GitHub/DL501Project/src/fine_detect/fine_detect/install/local_setup.zsh'
[0.312s] INFO:colcon.colcon_core.shell:Creating prefix chain script '/home/amejiyo/GitHub/DL501Project/src/fine_detect/fine_detect/install/setup.zsh'
